{
  "stats": {
    "suites": 10,
    "tests": 43,
    "passes": 43,
    "pending": 1,
    "failures": -1,
    "start": "2021-01-28T21:41:02.951Z",
    "end": "2021-01-28T21:43:44.131Z",
    "duration": 161180,
    "testsRegistered": 44,
    "passPercent": 100,
    "pendingPercent": 2.272727272727273,
    "other": 1,
    "hasOther": true,
    "skipped": 1,
    "hasSkipped": true
  },
  "results": [
    {
      "uuid": "421d3a0f-aaa6-4dfd-8136-fdee9c6ce89b",
      "title": "",
      "fullFile": "cypress\\integration\\tests\\desafiobase.spec.js",
      "file": "cypress\\integration\\tests\\desafiobase.spec.js",
      "beforeHooks": [],
      "afterHooks": [],
      "tests": [],
      "suites": [
        {
          "uuid": "7d00a9cf-3dc6-4812-b445-00fa35955828",
          "title": "Testes MantisBugTracker",
          "fullFile": "",
          "file": "",
          "beforeHooks": [],
          "afterHooks": [],
          "tests": [],
          "suites": [
            {
              "uuid": "69f14db1-3a3b-4ee6-b642-7cfd11c8cdeb",
              "title": "Logins",
              "fullFile": "",
              "file": "",
              "beforeHooks": [],
              "afterHooks": [],
              "tests": [
                {
                  "title": "Login Sucessfull",
                  "fullTitle": "Testes MantisBugTracker Logins Login Sucessfull",
                  "timedOut": null,
                  "duration": 2438,
                  "state": "passed",
                  "speed": "slow",
                  "pass": true,
                  "fail": false,
                  "pending": false,
                  "context": null,
                  "code": "//Validacao (Assert)\n_LoginPage[\"default\"].validateLogin();",
                  "err": {},
                  "uuid": "c653dfd0-721c-410f-8f6a-fd48af0df764",
                  "parentUUID": "69f14db1-3a3b-4ee6-b642-7cfd11c8cdeb",
                  "isHook": false,
                  "skipped": false
                }
              ],
              "suites": [],
              "passes": [
                "c653dfd0-721c-410f-8f6a-fd48af0df764"
              ],
              "failures": [],
              "pending": [],
              "skipped": [],
              "duration": 2438,
              "root": false,
              "rootEmpty": false,
              "_timeout": 2000
            },
            {
              "uuid": "f1a6ef05-6772-4b47-837a-2c56c3a878c0",
              "title": "Gerenciar",
              "fullFile": "",
              "file": "",
              "beforeHooks": [],
              "afterHooks": [],
              "tests": [],
              "suites": [
                {
                  "uuid": "34431619-9e21-4405-897c-2e9c3b437b24",
                  "title": "Users",
                  "fullFile": "",
                  "file": "",
                  "beforeHooks": [],
                  "afterHooks": [],
                  "tests": [
                    {
                      "title": "Create Users Email Duplicated",
                      "fullTitle": "Testes MantisBugTracker Gerenciar Users Create Users Email Duplicated",
                      "timedOut": null,
                      "duration": 3507,
                      "state": "passed",
                      "speed": "slow",
                      "pass": true,
                      "fail": false,
                      "pending": false,
                      "context": null,
                      "code": "var name = 'User';\nvar nickname = 'Teste';\nvar email = 'root@localhost';\n_ManagmentPage[\"default\"].clickConfig();\n_ManagmentPage[\"default\"].clickUserConfig();\n_ManagmentPage[\"default\"].ClicknewUser();\n_ManagmentPage[\"default\"].SendName(name);\n_ManagmentPage[\"default\"].SendRealname(nickname);\n_ManagmentPage[\"default\"].SendEmail(email);\n_ManagmentPage[\"default\"].selectAcessNivel();\n_ManagmentPage[\"default\"].clickSaveUser();\n_ManagmentPage[\"default\"].assertEmailExist();",
                      "err": {},
                      "uuid": "7be7b801-8282-40cd-9efe-ad1fe93fbd14",
                      "parentUUID": "34431619-9e21-4405-897c-2e9c3b437b24",
                      "isHook": false,
                      "skipped": false
                    },
                    {
                      "title": "Create Users Name Duplicated",
                      "fullTitle": "Testes MantisBugTracker Gerenciar Users Create Users Name Duplicated",
                      "timedOut": null,
                      "duration": 3579,
                      "state": "passed",
                      "speed": "slow",
                      "pass": true,
                      "fail": false,
                      "pending": false,
                      "context": null,
                      "code": "var name = 'administrator';\nvar nickname = 'admin';\nvar email = 'e-mailteste@gmail.com';\n_ManagmentPage[\"default\"].clickConfig();\n_ManagmentPage[\"default\"].clickUserConfig();\n_ManagmentPage[\"default\"].ClicknewUser();\n_ManagmentPage[\"default\"].SendName(name);\n_ManagmentPage[\"default\"].SendRealname(nickname);\n_ManagmentPage[\"default\"].SendEmail(email);\n_ManagmentPage[\"default\"].selectAcessNivel();\n_ManagmentPage[\"default\"].clickSaveUser();\n_ManagmentPage[\"default\"].assertNameExist();",
                      "err": {},
                      "uuid": "c0324a26-a514-440f-84c3-50a4de323312",
                      "parentUUID": "34431619-9e21-4405-897c-2e9c3b437b24",
                      "isHook": false,
                      "skipped": false
                    },
                    {
                      "title": "Create User sucessfull",
                      "fullTitle": "Testes MantisBugTracker Gerenciar Users Create User sucessfull",
                      "timedOut": null,
                      "duration": 5540,
                      "state": "passed",
                      "speed": "slow",
                      "pass": true,
                      "fail": false,
                      "pending": false,
                      "context": null,
                      "code": "var name = 'Userone';\nvar nickname = 'One';\nvar email = 'userone@email.com';\n_ManagmentPage[\"default\"].clickConfig();\n_ManagmentPage[\"default\"].clickUserConfig();\n_ManagmentPage[\"default\"].ClicknewUser();\n_ManagmentPage[\"default\"].SendName(name);\n_ManagmentPage[\"default\"].SendRealname(nickname);\n_ManagmentPage[\"default\"].SendEmail(email);\n_ManagmentPage[\"default\"].selectAcessNivel();\n_ManagmentPage[\"default\"].clickSaveUser();\n_ManagmentPage[\"default\"].assertCreateUser();\n_ManagmentPage[\"default\"].clickContinue();\n_ManagmentPage[\"default\"].clickDeleteUserCreated();\n_ManagmentPage[\"default\"].clickConfirmDeleteUserCreated(); //Validacao (Assert)\n\n_ManagmentPage[\"default\"].assertDeletedUser();",
                      "err": {},
                      "uuid": "9c8c2a31-569f-4a0f-a599-0a38231c1d80",
                      "parentUUID": "34431619-9e21-4405-897c-2e9c3b437b24",
                      "isHook": false,
                      "skipped": false
                    },
                    {
                      "title": "FilterUserTest",
                      "fullTitle": "Testes MantisBugTracker Gerenciar Users FilterUserTest",
                      "timedOut": null,
                      "duration": 7611,
                      "state": "passed",
                      "speed": "slow",
                      "pass": true,
                      "fail": false,
                      "pending": false,
                      "context": null,
                      "code": "var name = 'Usertwo';\nvar nickname = 'two';\nvar email = 'usertwo@email.com';\n_ManagmentPage[\"default\"].clickConfig();\n_ManagmentPage[\"default\"].clickUserConfig();\n_ManagmentPage[\"default\"].ClicknewUser();\n_ManagmentPage[\"default\"].SendName(name);\n_ManagmentPage[\"default\"].SendRealname(nickname);\n_ManagmentPage[\"default\"].SendEmail(email);\n_ManagmentPage[\"default\"].selectAcessNivel();\n_ManagmentPage[\"default\"].clickSaveUser();\n_ManagmentPage[\"default\"].clickContinue();\n_ManagmentPage[\"default\"].clickUserConfig();\n_ManagmentPage[\"default\"].sendTextSearchUser(name);\n_ManagmentPage[\"default\"].clickApplySearchUser();\ncy.wait(1000);\n_ManagmentPage[\"default\"].clickNameUserFiltered();\n_ManagmentPage[\"default\"].assertNameUserFiltered();\n_ManagmentPage[\"default\"].clickDeleteUserCreated();\n_ManagmentPage[\"default\"].clickConfirmDeleteUserCreated(); //Validacao (Assert)\n\n_ManagmentPage[\"default\"].assertDeletedUser();",
                      "err": {},
                      "uuid": "c1a48afc-f620-4295-8df1-0dd33c2fa2be",
                      "parentUUID": "34431619-9e21-4405-897c-2e9c3b437b24",
                      "isHook": false,
                      "skipped": false
                    },
                    {
                      "title": "Criar usuario sem o nome preenchido",
                      "fullTitle": "Testes MantisBugTracker Gerenciar Users Criar usuario sem o nome preenchido",
                      "timedOut": null,
                      "duration": 2381,
                      "state": "passed",
                      "speed": "slow",
                      "pass": true,
                      "fail": false,
                      "pending": false,
                      "context": null,
                      "code": "_ManagmentPage[\"default\"].clickConfig();\n_ManagmentPage[\"default\"].clickUserConfig();\n_ManagmentPage[\"default\"].ClicknewUser();\n_ManagmentPage[\"default\"].clickSaveUser();\n_ManagmentPage[\"default\"].assertNameInvalido();",
                      "err": {},
                      "uuid": "afa7cd42-d39b-44d7-af38-4b0f0209783f",
                      "parentUUID": "34431619-9e21-4405-897c-2e9c3b437b24",
                      "isHook": false,
                      "skipped": false
                    },
                    {
                      "title": "Delete User Created",
                      "fullTitle": "Testes MantisBugTracker Gerenciar Users Delete User Created",
                      "timedOut": null,
                      "duration": 3174,
                      "state": "passed",
                      "speed": "slow",
                      "pass": true,
                      "fail": false,
                      "pending": false,
                      "context": null,
                      "code": "var name = 'Userone';\n_ManagmentPage[\"default\"].clickConfig();\n_ManagmentPage[\"default\"].clickUserConfig();\n_ManagmentPage[\"default\"].ClicknewUser();\n_ManagmentPage[\"default\"].SendName(name);\n_ManagmentPage[\"default\"].clickSaveUser();\n_ManagmentPage[\"default\"].clickContinue();\n_ManagmentPage[\"default\"].clickDeleteUserCreated();\n_ManagmentPage[\"default\"].clickConfirmDeleteUserCreated(); //Validacao (Assert)\n\n_ManagmentPage[\"default\"].assertDeletedUser();",
                      "err": {},
                      "uuid": "a8cf05d0-a305-437d-b245-c7cdf2046649",
                      "parentUUID": "34431619-9e21-4405-897c-2e9c3b437b24",
                      "isHook": false,
                      "skipped": false
                    }
                  ],
                  "suites": [],
                  "passes": [
                    "7be7b801-8282-40cd-9efe-ad1fe93fbd14",
                    "c0324a26-a514-440f-84c3-50a4de323312",
                    "9c8c2a31-569f-4a0f-a599-0a38231c1d80",
                    "c1a48afc-f620-4295-8df1-0dd33c2fa2be",
                    "afa7cd42-d39b-44d7-af38-4b0f0209783f",
                    "a8cf05d0-a305-437d-b245-c7cdf2046649"
                  ],
                  "failures": [],
                  "pending": [],
                  "skipped": [],
                  "duration": 25792,
                  "root": false,
                  "rootEmpty": false,
                  "_timeout": 2000
                },
                {
                  "uuid": "ccb02116-a9cc-43e1-865b-5cb165689a2f",
                  "title": "Projetos",
                  "fullFile": "",
                  "file": "",
                  "beforeHooks": [],
                  "afterHooks": [],
                  "tests": [
                    {
                      "title": "Criar Project com campos obrigatorios",
                      "fullTitle": "Testes MantisBugTracker Gerenciar Projetos Criar Project com campos obrigatorios",
                      "timedOut": null,
                      "duration": 2540,
                      "state": "passed",
                      "speed": "slow",
                      "pass": true,
                      "fail": false,
                      "pending": false,
                      "context": null,
                      "code": "_ManagmentProjectPage[\"default\"].clickConfigBtt();\n_ManagmentProjectPage[\"default\"].clickManageProject();\n_ManagmentProjectPage[\"default\"].clickCreateNewProject();\n_ManagmentProjectPage[\"default\"].sendtextNameProject();\n_ManagmentProjectPage[\"default\"].clickBttAddProject();\n_ManagmentProjectPage[\"default\"].assertCreatedSucess();",
                      "err": {},
                      "uuid": "7cfac1de-5539-416f-bd22-71dade61e396",
                      "parentUUID": "ccb02116-a9cc-43e1-865b-5cb165689a2f",
                      "isHook": false,
                      "skipped": false
                    },
                    {
                      "title": "Criar Projeto com Visibilidade Private",
                      "fullTitle": "Testes MantisBugTracker Gerenciar Projetos Criar Projeto com Visibilidade Private",
                      "timedOut": null,
                      "duration": 2740,
                      "state": "passed",
                      "speed": "slow",
                      "pass": true,
                      "fail": false,
                      "pending": false,
                      "context": null,
                      "code": "_ManagmentProjectPage[\"default\"].clickConfigBtt();\n_ManagmentProjectPage[\"default\"].clickManageProject();\n_ManagmentProjectPage[\"default\"].clickCreateNewProject();\n_ManagmentProjectPage[\"default\"].sendtextNameProject();\n_ManagmentProjectPage[\"default\"].selectStateProjectPrivate(); //Validacao (Assert)\n\n_ManagmentProjectPage[\"default\"].assertStateProject();\n_ManagmentProjectPage[\"default\"].clickBttAddProject(); //Validacao (Assert)\n\n_ManagmentProjectPage[\"default\"].assertCreatedSucess();",
                      "err": {},
                      "uuid": "affc916d-c5e5-46af-9ba3-39a9513b4cfa",
                      "parentUUID": "ccb02116-a9cc-43e1-865b-5cb165689a2f",
                      "isHook": false,
                      "skipped": false
                    },
                    {
                      "title": "CriarProjeo - DataDriven ProjectX",
                      "fullTitle": "Testes MantisBugTracker Gerenciar Projetos CriarProjeo - DataDriven ProjectX",
                      "timedOut": null,
                      "duration": 2500,
                      "state": "passed",
                      "speed": "slow",
                      "pass": true,
                      "fail": false,
                      "pending": false,
                      "context": null,
                      "code": "_ManagmentProjectPage[\"default\"].clickConfigBtt();\n_ManagmentProjectPage[\"default\"].clickManageProject();\n_ManagmentProjectPage[\"default\"].clickCreateNewProject();\n_ManagmentProjectPage[\"default\"].sendVarTextNameProject(projeto);\n_ManagmentProjectPage[\"default\"].clickBttAddProject(); //Validacao (Assert)\n\n_ManagmentProjectPage[\"default\"].assertCreatedSucess();",
                      "err": {},
                      "uuid": "30e92df2-0261-4566-a730-ba6ef27424e2",
                      "parentUUID": "ccb02116-a9cc-43e1-865b-5cb165689a2f",
                      "isHook": false,
                      "skipped": false
                    },
                    {
                      "title": "CriarProjeo - DataDriven ProjectY",
                      "fullTitle": "Testes MantisBugTracker Gerenciar Projetos CriarProjeo - DataDriven ProjectY",
                      "timedOut": null,
                      "duration": 2473,
                      "state": "passed",
                      "speed": "slow",
                      "pass": true,
                      "fail": false,
                      "pending": false,
                      "context": null,
                      "code": "_ManagmentProjectPage[\"default\"].clickConfigBtt();\n_ManagmentProjectPage[\"default\"].clickManageProject();\n_ManagmentProjectPage[\"default\"].clickCreateNewProject();\n_ManagmentProjectPage[\"default\"].sendVarTextNameProject(projeto);\n_ManagmentProjectPage[\"default\"].clickBttAddProject(); //Validacao (Assert)\n\n_ManagmentProjectPage[\"default\"].assertCreatedSucess();",
                      "err": {},
                      "uuid": "35ca18a9-b20d-4e3e-8cff-3a8e28a82837",
                      "parentUUID": "ccb02116-a9cc-43e1-865b-5cb165689a2f",
                      "isHook": false,
                      "skipped": false
                    },
                    {
                      "title": "CriarProjeo - DataDriven ProjectZ",
                      "fullTitle": "Testes MantisBugTracker Gerenciar Projetos CriarProjeo - DataDriven ProjectZ",
                      "timedOut": null,
                      "duration": 2458,
                      "state": "passed",
                      "speed": "slow",
                      "pass": true,
                      "fail": false,
                      "pending": false,
                      "context": null,
                      "code": "_ManagmentProjectPage[\"default\"].clickConfigBtt();\n_ManagmentProjectPage[\"default\"].clickManageProject();\n_ManagmentProjectPage[\"default\"].clickCreateNewProject();\n_ManagmentProjectPage[\"default\"].sendVarTextNameProject(projeto);\n_ManagmentProjectPage[\"default\"].clickBttAddProject(); //Validacao (Assert)\n\n_ManagmentProjectPage[\"default\"].assertCreatedSucess();",
                      "err": {},
                      "uuid": "82a9e9f0-fb2a-4b38-987a-2158f05451e4",
                      "parentUUID": "ccb02116-a9cc-43e1-865b-5cb165689a2f",
                      "isHook": false,
                      "skipped": false
                    },
                    {
                      "title": "Validar campo Obrigatorio Nome do Projeto",
                      "fullTitle": "Testes MantisBugTracker Gerenciar Projetos Validar campo Obrigatorio Nome do Projeto",
                      "timedOut": null,
                      "duration": 2351,
                      "state": "passed",
                      "speed": "slow",
                      "pass": true,
                      "fail": false,
                      "pending": false,
                      "context": null,
                      "code": "_ManagmentProjectPage[\"default\"].clickConfigBtt();\n_ManagmentProjectPage[\"default\"].clickManageProject();\n_ManagmentProjectPage[\"default\"].clickCreateNewProject();\n_ManagmentProjectPage[\"default\"].alertNameProject();",
                      "err": {},
                      "uuid": "ab04d5a7-3a2f-4c8b-ba99-bdbf667e321b",
                      "parentUUID": "ccb02116-a9cc-43e1-865b-5cb165689a2f",
                      "isHook": false,
                      "skipped": false
                    }
                  ],
                  "suites": [],
                  "passes": [
                    "7cfac1de-5539-416f-bd22-71dade61e396",
                    "affc916d-c5e5-46af-9ba3-39a9513b4cfa",
                    "30e92df2-0261-4566-a730-ba6ef27424e2",
                    "35ca18a9-b20d-4e3e-8cff-3a8e28a82837",
                    "82a9e9f0-fb2a-4b38-987a-2158f05451e4",
                    "ab04d5a7-3a2f-4c8b-ba99-bdbf667e321b"
                  ],
                  "failures": [],
                  "pending": [],
                  "skipped": [],
                  "duration": 15062,
                  "root": false,
                  "rootEmpty": false,
                  "_timeout": 2000
                },
                {
                  "uuid": "603c152a-33d4-4fe4-afe7-1af28b71fc2a",
                  "title": "Marker",
                  "fullFile": "",
                  "file": "",
                  "beforeHooks": [],
                  "afterHooks": [],
                  "tests": [
                    {
                      "title": "Criar Marcador com campos obrigatorios",
                      "fullTitle": "Testes MantisBugTracker Gerenciar Marker Criar Marcador com campos obrigatorios",
                      "timedOut": null,
                      "duration": 3090,
                      "state": "passed",
                      "speed": "slow",
                      "pass": true,
                      "fail": false,
                      "pending": false,
                      "context": null,
                      "code": "_ManagmentMarkerPage[\"default\"].clickConfigBtt();\n_ManagmentMarkerPage[\"default\"].clickMarkersBtt();\n_ManagmentMarkerPage[\"default\"].sendMarkerName();\n_ManagmentMarkerPage[\"default\"].clickCreateMarkerbtt();\n_ManagmentMarkerPage[\"default\"].verifyCreated();\n_ManagmentMarkerPage[\"default\"].clickAcessMarker();\n_ManagmentMarkerPage[\"default\"].clickDeleteMarkerbtt();\n_ManagmentMarkerPage[\"default\"].assertConfirmDeleteMarker();\n_ManagmentMarkerPage[\"default\"].clickConfirmDeletemarkerbtt();",
                      "err": {},
                      "uuid": "bf76f21c-a735-4ea7-b831-fdda3da833f4",
                      "parentUUID": "603c152a-33d4-4fe4-afe7-1af28b71fc2a",
                      "isHook": false,
                      "skipped": false
                    },
                    {
                      "title": "Criar Marcador com todos os campos",
                      "fullTitle": "Testes MantisBugTracker Gerenciar Marker Criar Marcador com todos os campos",
                      "timedOut": null,
                      "duration": 3362,
                      "state": "passed",
                      "speed": "slow",
                      "pass": true,
                      "fail": false,
                      "pending": false,
                      "context": null,
                      "code": "_ManagmentMarkerPage[\"default\"].clickConfigBtt();\n_ManagmentMarkerPage[\"default\"].clickMarkersBtt();\n_ManagmentMarkerPage[\"default\"].sendMarkerName();\n_ManagmentMarkerPage[\"default\"].sendMarkerDescription();\n_ManagmentMarkerPage[\"default\"].clickCreateMarkerbtt();\n_ManagmentMarkerPage[\"default\"].verifyCreated();\n_ManagmentMarkerPage[\"default\"].clickAcessMarker();\n_ManagmentMarkerPage[\"default\"].clickDeleteMarkerbtt();\n_ManagmentMarkerPage[\"default\"].assertConfirmDeleteMarker();\n_ManagmentMarkerPage[\"default\"].clickConfirmDeletemarkerbtt();",
                      "err": {},
                      "uuid": "4381a351-cf87-434d-af55-25ac8d2333d0",
                      "parentUUID": "603c152a-33d4-4fe4-afe7-1af28b71fc2a",
                      "isHook": false,
                      "skipped": false
                    },
                    {
                      "title": "Atualizar Marcador",
                      "fullTitle": "Testes MantisBugTracker Gerenciar Marker Atualizar Marcador",
                      "timedOut": null,
                      "duration": 4426,
                      "state": "passed",
                      "speed": "slow",
                      "pass": true,
                      "fail": false,
                      "pending": false,
                      "context": null,
                      "code": "_ManagmentMarkerPage[\"default\"].clickConfigBtt();\n_ManagmentMarkerPage[\"default\"].clickMarkersBtt();\n_ManagmentMarkerPage[\"default\"].sendMarkerName();\n_ManagmentMarkerPage[\"default\"].sendMarkerDescription();\n_ManagmentMarkerPage[\"default\"].clickCreateMarkerbtt();\n_ManagmentMarkerPage[\"default\"].clickAcessMarker();\n_ManagmentMarkerPage[\"default\"].clickUpdateMarkerbtt();\n_ManagmentMarkerPage[\"default\"].sendnewValueNameMarker();\n_ManagmentMarkerPage[\"default\"].clickAfterUpdateMarker();\n_ManagmentMarkerPage[\"default\"].assertConfirmUpdatedSucess();\n_ManagmentMarkerPage[\"default\"].clickDeleteMarkerbtt();\n_ManagmentMarkerPage[\"default\"].assertConfirmDeleteMarker();\n_ManagmentMarkerPage[\"default\"].clickConfirmDeletemarkerbtt();",
                      "err": {},
                      "uuid": "dd5db88c-6423-4b41-8bf6-c7635578dcd6",
                      "parentUUID": "603c152a-33d4-4fe4-afe7-1af28b71fc2a",
                      "isHook": false,
                      "skipped": false
                    },
                    {
                      "title": "Verificar Obrigatoriedade do campo Nome",
                      "fullTitle": "Testes MantisBugTracker Gerenciar Marker Verificar Obrigatoriedade do campo Nome",
                      "timedOut": null,
                      "duration": 1816,
                      "state": "passed",
                      "speed": "slow",
                      "pass": true,
                      "fail": false,
                      "pending": false,
                      "context": null,
                      "code": "_ManagmentMarkerPage[\"default\"].clickConfigBtt();\n_ManagmentMarkerPage[\"default\"].clickMarkersBtt();\n_ManagmentMarkerPage[\"default\"].alertNameMarker();",
                      "err": {},
                      "uuid": "584feba5-dde9-4e01-a1f0-422f775ce298",
                      "parentUUID": "603c152a-33d4-4fe4-afe7-1af28b71fc2a",
                      "isHook": false,
                      "skipped": false
                    }
                  ],
                  "suites": [],
                  "passes": [
                    "bf76f21c-a735-4ea7-b831-fdda3da833f4",
                    "4381a351-cf87-434d-af55-25ac8d2333d0",
                    "dd5db88c-6423-4b41-8bf6-c7635578dcd6",
                    "584feba5-dde9-4e01-a1f0-422f775ce298"
                  ],
                  "failures": [],
                  "pending": [],
                  "skipped": [],
                  "duration": 12694,
                  "root": false,
                  "rootEmpty": false,
                  "_timeout": 2000
                },
                {
                  "uuid": "c9ce7dd2-77cc-4a8f-8793-f51ec711b957",
                  "title": "Perfil",
                  "fullFile": "",
                  "file": "",
                  "beforeHooks": [],
                  "afterHooks": [],
                  "tests": [
                    {
                      "title": "Cadastrar Perfil Campos Obrigatorios",
                      "fullTitle": "Testes MantisBugTracker Gerenciar Perfil Cadastrar Perfil Campos Obrigatorios",
                      "timedOut": null,
                      "duration": 2897,
                      "state": "passed",
                      "speed": "slow",
                      "pass": true,
                      "fail": false,
                      "pending": false,
                      "context": null,
                      "code": "_ManagmentPerfilPage[\"default\"].clickConfigBtt();\n_ManagmentPerfilPage[\"default\"].clickGerenciaPerfil();\n_ManagmentPerfilPage[\"default\"].sendTextPlataforma();\n_ManagmentPerfilPage[\"default\"].sendTextOS();\n_ManagmentPerfilPage[\"default\"].sendTextVersionOS();\n_ManagmentPerfilPage[\"default\"].clickBttSavePerfil();",
                      "err": {},
                      "uuid": "20df00d3-a971-4e38-98df-0b269a04af96",
                      "parentUUID": "c9ce7dd2-77cc-4a8f-8793-f51ec711b957",
                      "isHook": false,
                      "skipped": false
                    },
                    {
                      "title": "Validar Obrigatoriedade do Campo Plataforma",
                      "fullTitle": "Testes MantisBugTracker Gerenciar Perfil Validar Obrigatoriedade do Campo Plataforma",
                      "timedOut": null,
                      "duration": 2315,
                      "state": "passed",
                      "speed": "slow",
                      "pass": true,
                      "fail": false,
                      "pending": false,
                      "context": null,
                      "code": "_ManagmentPerfilPage[\"default\"].clickConfigBtt();\n_ManagmentPerfilPage[\"default\"].clickGerenciaPerfil();\n_ManagmentPerfilPage[\"default\"].sendTextOS();\n_ManagmentPerfilPage[\"default\"].sendTextVersionOS();\n_ManagmentPerfilPage[\"default\"].alertFildPlataforma();",
                      "err": {},
                      "uuid": "2da10773-f177-45f0-9e4b-20a551f498b4",
                      "parentUUID": "c9ce7dd2-77cc-4a8f-8793-f51ec711b957",
                      "isHook": false,
                      "skipped": false
                    },
                    {
                      "title": "Validar Obrigatoriedade do Campo Campo SO",
                      "fullTitle": "Testes MantisBugTracker Gerenciar Perfil Validar Obrigatoriedade do Campo Campo SO",
                      "timedOut": null,
                      "duration": 2544,
                      "state": "passed",
                      "speed": "slow",
                      "pass": true,
                      "fail": false,
                      "pending": false,
                      "context": null,
                      "code": "_ManagmentPerfilPage[\"default\"].clickConfigBtt();\n_ManagmentPerfilPage[\"default\"].clickGerenciaPerfil();\n_ManagmentPerfilPage[\"default\"].sendTextPlataforma();\n_ManagmentPerfilPage[\"default\"].sendTextVersionOS();\n_ManagmentPerfilPage[\"default\"].alertFildOS();",
                      "err": {},
                      "uuid": "c7b9278c-5a95-423f-931f-cdf567a9fd67",
                      "parentUUID": "c9ce7dd2-77cc-4a8f-8793-f51ec711b957",
                      "isHook": false,
                      "skipped": false
                    },
                    {
                      "title": "Validar Obrigatoriedade do Campo VersaoSO",
                      "fullTitle": "Testes MantisBugTracker Gerenciar Perfil Validar Obrigatoriedade do Campo VersaoSO",
                      "timedOut": null,
                      "duration": 2313,
                      "state": "passed",
                      "speed": "slow",
                      "pass": true,
                      "fail": false,
                      "pending": false,
                      "context": null,
                      "code": "_ManagmentPerfilPage[\"default\"].clickConfigBtt();\n_ManagmentPerfilPage[\"default\"].clickGerenciaPerfil();\n_ManagmentPerfilPage[\"default\"].sendTextPlataforma();\n_ManagmentPerfilPage[\"default\"].sendTextOS();\n_ManagmentPerfilPage[\"default\"].alertFilVersionOS();",
                      "err": {},
                      "uuid": "c74791d2-627e-443d-a59c-0b00455ffc7e",
                      "parentUUID": "c9ce7dd2-77cc-4a8f-8793-f51ec711b957",
                      "isHook": false,
                      "skipped": false
                    }
                  ],
                  "suites": [],
                  "passes": [
                    "20df00d3-a971-4e38-98df-0b269a04af96",
                    "2da10773-f177-45f0-9e4b-20a551f498b4",
                    "c7b9278c-5a95-423f-931f-cdf567a9fd67",
                    "c74791d2-627e-443d-a59c-0b00455ffc7e"
                  ],
                  "failures": [],
                  "pending": [],
                  "skipped": [],
                  "duration": 10069,
                  "root": false,
                  "rootEmpty": false,
                  "_timeout": 2000
                }
              ],
              "passes": [],
              "failures": [],
              "pending": [],
              "skipped": [],
              "duration": 0,
              "root": false,
              "rootEmpty": false,
              "_timeout": 2000
            },
            {
              "uuid": "c4cf241b-126b-4728-a397-dd7f481b4fc2",
              "title": "Tasks",
              "fullFile": "",
              "file": "",
              "beforeHooks": [],
              "afterHooks": [],
              "tests": [
                {
                  "title": "Create tasks only required fields",
                  "fullTitle": "Testes MantisBugTracker Tasks Create tasks only required fields",
                  "timedOut": null,
                  "duration": 4026,
                  "state": "passed",
                  "speed": "slow",
                  "pass": true,
                  "fail": false,
                  "pending": false,
                  "context": null,
                  "code": "_TaskPage[\"default\"].clickNewtask();\n_TaskPage[\"default\"].selectCategory();\n_TaskPage[\"default\"].sendTextResume();\n_TaskPage[\"default\"].sendTextDescribe();\n_TaskPage[\"default\"].clickSaveNewTask(); //Validacao (Assert)\n\n_TaskPage[\"default\"].confirmTaskCreate();\n_TaskPage[\"default\"].navigate_home();",
                  "err": {},
                  "uuid": "aea95377-2c52-408b-b577-c060eb0c89e0",
                  "parentUUID": "c4cf241b-126b-4728-a397-dd7f481b4fc2",
                  "isHook": false,
                  "skipped": false
                },
                {
                  "title": "Adicionando sistema operacional nas tarfas",
                  "fullTitle": "Testes MantisBugTracker Tasks Adicionando sistema operacional nas tarfas",
                  "timedOut": null,
                  "duration": 5548,
                  "state": "passed",
                  "speed": "slow",
                  "pass": true,
                  "fail": false,
                  "pending": false,
                  "context": null,
                  "code": "_TaskPage[\"default\"].clickNewtask();\n_TaskPage[\"default\"].selectCategory();\n_TaskPage[\"default\"].sendTextResume();\n_TaskPage[\"default\"].sendTextDescribe();\n_TaskPage[\"default\"].clickSaveNewTask();\n_TaskPage[\"default\"].confirmTaskCreate();\n_TaskPage[\"default\"].viewtaskcreated();\n_TaskPage[\"default\"].clickEditTask();\n_TaskPage[\"default\"].insertOsTask();\n_TaskPage[\"default\"].clickUpdateTask(); //Validacao (Assert)\n\n_TaskPage[\"default\"].checkOperationalSystemTask();",
                  "err": {},
                  "uuid": "535e1f10-7542-41d5-9734-5d1d0738ce45",
                  "parentUUID": "c4cf241b-126b-4728-a397-dd7f481b4fc2",
                  "isHook": false,
                  "skipped": false
                },
                {
                  "title": "Criando Tarefa Com Anexo",
                  "fullTitle": "Testes MantisBugTracker Tasks Criando Tarefa Com Anexo",
                  "timedOut": null,
                  "duration": 6415,
                  "state": "passed",
                  "speed": "slow",
                  "pass": true,
                  "fail": false,
                  "pending": false,
                  "context": null,
                  "code": "_TaskPage[\"default\"].clickNewtask();\n_TaskPage[\"default\"].selectCategory();\n_TaskPage[\"default\"].sendTextResume();\n_TaskPage[\"default\"].sendTextDescribe();\n_TaskPage[\"default\"].uploadFile();\n_TaskPage[\"default\"].clickSaveNewTask(); // Validacao(Assert)\n\n_TaskPage[\"default\"].confirmTaskCreate();\n_TaskPage[\"default\"].confirmNameAnexo();",
                  "err": {},
                  "uuid": "bd7465f4-fd46-4dc4-9686-64282c5cebbb",
                  "parentUUID": "c4cf241b-126b-4728-a397-dd7f481b4fc2",
                  "isHook": false,
                  "skipped": false
                },
                {
                  "title": "Criando Tarefa com Anexo maior que o permitido",
                  "fullTitle": "Testes MantisBugTracker Tasks Criando Tarefa com Anexo maior que o permitido",
                  "timedOut": null,
                  "duration": 0,
                  "state": "pending",
                  "speed": null,
                  "pass": false,
                  "fail": false,
                  "pending": true,
                  "context": null,
                  "code": "",
                  "err": {},
                  "uuid": "3baa8a32-f54c-4ed5-8769-60a0d0b2936d",
                  "parentUUID": "c4cf241b-126b-4728-a397-dd7f481b4fc2",
                  "isHook": false,
                  "skipped": false
                },
                {
                  "title": "Duplicando Tarefa",
                  "fullTitle": "Testes MantisBugTracker Tasks Duplicando Tarefa",
                  "timedOut": null,
                  "duration": 5008,
                  "state": "passed",
                  "speed": "slow",
                  "pass": true,
                  "fail": false,
                  "pending": false,
                  "context": null,
                  "code": "_TaskPage[\"default\"].clickNewtask();\n_TaskPage[\"default\"].selectCategory();\n_TaskPage[\"default\"].sendTextResume();\n_TaskPage[\"default\"].sendTextDescribe();\n_TaskPage[\"default\"].clickSaveNewTask();\n_TaskPage[\"default\"].confirmTaskCreate();\n_TaskPage[\"default\"].viewtaskcreated();\n_TaskPage[\"default\"].clickEditTask();\n_TaskPage[\"default\"].clickUpdateTaskinsert();\n_TaskPage[\"default\"].clickbuttonCloneTask(); // Validacao(Assert)\n\n_TaskPage[\"default\"].assertRelatorionTask();\n_TaskPage[\"default\"].clickSaveNewTask();\n_TaskPage[\"default\"].confirmTaskCreate();",
                  "err": {},
                  "uuid": "ce138ad5-c81e-4cd3-b2ae-806d4817dabd",
                  "parentUUID": "c4cf241b-126b-4728-a397-dd7f481b4fc2",
                  "isHook": false,
                  "skipped": false
                },
                {
                  "title": "Validando obrigatoriedade do campo Resumo ",
                  "fullTitle": "Testes MantisBugTracker Tasks Validando obrigatoriedade do campo Resumo ",
                  "timedOut": null,
                  "duration": 1821,
                  "state": "passed",
                  "speed": "slow",
                  "pass": true,
                  "fail": false,
                  "pending": false,
                  "context": null,
                  "code": "_TaskPage[\"default\"].clickNewtask();\n_TaskPage[\"default\"].alertResumeTask();",
                  "err": {},
                  "uuid": "fc05c5db-1a54-4b4b-8c62-faa7aeb81461",
                  "parentUUID": "c4cf241b-126b-4728-a397-dd7f481b4fc2",
                  "isHook": false,
                  "skipped": false
                },
                {
                  "title": "Validando obrigatoriedade do campo Descrição ",
                  "fullTitle": "Testes MantisBugTracker Tasks Validando obrigatoriedade do campo Descrição ",
                  "timedOut": null,
                  "duration": 1858,
                  "state": "passed",
                  "speed": "slow",
                  "pass": true,
                  "fail": false,
                  "pending": false,
                  "context": null,
                  "code": "_TaskPage[\"default\"].clickNewtask();\n_TaskPage[\"default\"].alertResumeTask();",
                  "err": {},
                  "uuid": "c1785cb4-8475-4ba4-aeba-ba3439b7468a",
                  "parentUUID": "c4cf241b-126b-4728-a397-dd7f481b4fc2",
                  "isHook": false,
                  "skipped": false
                },
                {
                  "title": "Validando obrigatoriedade do campo Categoria ",
                  "fullTitle": "Testes MantisBugTracker Tasks Validando obrigatoriedade do campo Categoria ",
                  "timedOut": null,
                  "duration": 3985,
                  "state": "passed",
                  "speed": "slow",
                  "pass": true,
                  "fail": false,
                  "pending": false,
                  "context": null,
                  "code": "_TaskPage[\"default\"].clickNewtask();\n_TaskPage[\"default\"].sendTextResume();\n_TaskPage[\"default\"].sendTextDescribe();\n_TaskPage[\"default\"].clickSaveNewTask();\n_TaskPage[\"default\"].alertCreateTask();",
                  "err": {},
                  "uuid": "c0113962-a222-46d8-99d3-57d3dc7d4133",
                  "parentUUID": "c4cf241b-126b-4728-a397-dd7f481b4fc2",
                  "isHook": false,
                  "skipped": false
                },
                {
                  "title": "Informar Usuario invalido na terefa",
                  "fullTitle": "Testes MantisBugTracker Tasks Informar Usuario invalido na terefa",
                  "timedOut": null,
                  "duration": 5057,
                  "state": "passed",
                  "speed": "slow",
                  "pass": true,
                  "fail": false,
                  "pending": false,
                  "context": null,
                  "code": "_TaskPage[\"default\"].clickNewtask();\n_TaskPage[\"default\"].selectCategory();\n_TaskPage[\"default\"].sendTextResume();\n_TaskPage[\"default\"].sendTextDescribe();\n_TaskPage[\"default\"].clickSaveNewTask();\n_TaskPage[\"default\"].viewtaskcreated();\n_TaskPage[\"default\"].clickNumberTaskCreated();\n_TaskPage[\"default\"].sendUsernameFalseTask();\n_TaskPage[\"default\"].clickBttAddUserFalse();\n_TaskPage[\"default\"].assertAlertUserinTask();",
                  "err": {},
                  "uuid": "b7436de5-dad3-4f73-9808-97cb4731e61d",
                  "parentUUID": "c4cf241b-126b-4728-a397-dd7f481b4fc2",
                  "isHook": false,
                  "skipped": false
                },
                {
                  "title": "Select Profile Create Task",
                  "fullTitle": "Testes MantisBugTracker Tasks Select Profile Create Task",
                  "timedOut": null,
                  "duration": 4443,
                  "state": "passed",
                  "speed": "slow",
                  "pass": true,
                  "fail": false,
                  "pending": false,
                  "context": null,
                  "code": "_TaskPage[\"default\"].clickNewtask();\n_TaskPage[\"default\"].selectCategory();\n_TaskPage[\"default\"].sendTextResume();\n_TaskPage[\"default\"].sendTextDescribe();\n_TaskPage[\"default\"].selectProfile();\n_TaskPage[\"default\"].clickSaveNewTask(); //Validacao (Assert)\n\n_TaskPage[\"default\"].confirmTaskCreate();\n_TaskPage[\"default\"].navigate_home();",
                  "err": {},
                  "uuid": "6f4add39-03d4-47a7-a59e-e5900bacbc0f",
                  "parentUUID": "c4cf241b-126b-4728-a397-dd7f481b4fc2",
                  "isHook": false,
                  "skipped": false
                },
                {
                  "title": "Criando Tarefa preenchendo Perfil ( Plataforma )",
                  "fullTitle": "Testes MantisBugTracker Tasks Criando Tarefa preenchendo Perfil ( Plataforma )",
                  "timedOut": null,
                  "duration": 4326,
                  "state": "passed",
                  "speed": "slow",
                  "pass": true,
                  "fail": false,
                  "pending": false,
                  "context": null,
                  "code": "_TaskPage[\"default\"].clickNewtask();\n_TaskPage[\"default\"].selectCategory();\n_TaskPage[\"default\"].sendTextResume();\n_TaskPage[\"default\"].sendTextDescribe();\n_TaskPage[\"default\"].insertPlataformTask();\n_TaskPage[\"default\"].clickSaveNewTask(); // Validacao(Assert)\n\n_TaskPage[\"default\"].confirmTaskCreate();",
                  "err": {},
                  "uuid": "79b02a9c-c2a0-4223-81bd-e2d5c0990725",
                  "parentUUID": "c4cf241b-126b-4728-a397-dd7f481b4fc2",
                  "isHook": false,
                  "skipped": false
                },
                {
                  "title": "Criando Tarefa preenchendo Perfil ( OS )",
                  "fullTitle": "Testes MantisBugTracker Tasks Criando Tarefa preenchendo Perfil ( OS )",
                  "timedOut": null,
                  "duration": 4138,
                  "state": "passed",
                  "speed": "slow",
                  "pass": true,
                  "fail": false,
                  "pending": false,
                  "context": null,
                  "code": "_TaskPage[\"default\"].clickNewtask();\n_TaskPage[\"default\"].selectCategory();\n_TaskPage[\"default\"].sendTextResume();\n_TaskPage[\"default\"].sendTextDescribe();\n_TaskPage[\"default\"].insertOsTask();\n_TaskPage[\"default\"].clickSaveNewTask(); // Validacao(Assert)\n\n_TaskPage[\"default\"].confirmTaskCreate();",
                  "err": {},
                  "uuid": "4f006c78-184e-494d-bbb1-26831f5032cb",
                  "parentUUID": "c4cf241b-126b-4728-a397-dd7f481b4fc2",
                  "isHook": false,
                  "skipped": false
                },
                {
                  "title": "Criando Tarefa preenchendo Perfil ( VERSAO OS )",
                  "fullTitle": "Testes MantisBugTracker Tasks Criando Tarefa preenchendo Perfil ( VERSAO OS )",
                  "timedOut": null,
                  "duration": 4210,
                  "state": "passed",
                  "speed": "slow",
                  "pass": true,
                  "fail": false,
                  "pending": false,
                  "context": null,
                  "code": "_TaskPage[\"default\"].clickNewtask();\n_TaskPage[\"default\"].selectCategory();\n_TaskPage[\"default\"].sendTextResume();\n_TaskPage[\"default\"].sendTextDescribe();\n_TaskPage[\"default\"].insertVersionOStask();\n_TaskPage[\"default\"].clickSaveNewTask(); // Validacao(Assert)\n\n_TaskPage[\"default\"].confirmTaskCreate();",
                  "err": {},
                  "uuid": "c1e9a930-d36c-47e0-875a-32aebb0b0498",
                  "parentUUID": "c4cf241b-126b-4728-a397-dd7f481b4fc2",
                  "isHook": false,
                  "skipped": false
                }
              ],
              "suites": [
                {
                  "uuid": "37fa6415-2c68-471b-a3a6-265b1b79b98c",
                  "title": "Category",
                  "fullFile": "",
                  "file": "",
                  "beforeHooks": [],
                  "afterHooks": [],
                  "tests": [
                    {
                      "title": "Create Task Category Backend",
                      "fullTitle": "Testes MantisBugTracker Tasks Category Create Task Category Backend",
                      "timedOut": null,
                      "duration": 4217,
                      "state": "passed",
                      "speed": "slow",
                      "pass": true,
                      "fail": false,
                      "pending": false,
                      "context": null,
                      "code": "_TaskPage[\"default\"].clickNewtask();\n_TaskPage[\"default\"].selectCategoryBackEnd();\n_TaskPage[\"default\"].sendTextResume();\n_TaskPage[\"default\"].sendTextDescribe();\n_TaskPage[\"default\"].clickSaveNewTask(); //Validacao (Assert)\n\n_TaskPage[\"default\"].confirmTaskCreate();\n_TaskPage[\"default\"].navigate_home();",
                      "err": {},
                      "uuid": "55132d89-d90f-413e-b9b1-c3ce16fc39db",
                      "parentUUID": "37fa6415-2c68-471b-a3a6-265b1b79b98c",
                      "isHook": false,
                      "skipped": false
                    },
                    {
                      "title": "Create Task Category Design",
                      "fullTitle": "Testes MantisBugTracker Tasks Category Create Task Category Design",
                      "timedOut": null,
                      "duration": 4120,
                      "state": "passed",
                      "speed": "slow",
                      "pass": true,
                      "fail": false,
                      "pending": false,
                      "context": null,
                      "code": "_TaskPage[\"default\"].clickNewtask();\n_TaskPage[\"default\"].selectCategoryDesign();\n_TaskPage[\"default\"].sendTextResume();\n_TaskPage[\"default\"].sendTextDescribe();\n_TaskPage[\"default\"].clickSaveNewTask(); //Validacao (Assert)\n\n_TaskPage[\"default\"].confirmTaskCreate();\n_TaskPage[\"default\"].navigate_home();",
                      "err": {},
                      "uuid": "2f1664b2-bb27-46f9-aa73-1d3f600d6708",
                      "parentUUID": "37fa6415-2c68-471b-a3a6-265b1b79b98c",
                      "isHook": false,
                      "skipped": false
                    },
                    {
                      "title": "Create Task Category Frontend",
                      "fullTitle": "Testes MantisBugTracker Tasks Category Create Task Category Frontend",
                      "timedOut": null,
                      "duration": 4007,
                      "state": "passed",
                      "speed": "slow",
                      "pass": true,
                      "fail": false,
                      "pending": false,
                      "context": null,
                      "code": "_TaskPage[\"default\"].clickNewtask();\n_TaskPage[\"default\"].selectCategoryFrontEnd();\n_TaskPage[\"default\"].sendTextResume();\n_TaskPage[\"default\"].sendTextDescribe();\n_TaskPage[\"default\"].clickSaveNewTask(); //Validacao (Assert)\n\n_TaskPage[\"default\"].confirmTaskCreate();\n_TaskPage[\"default\"].navigate_home();",
                      "err": {},
                      "uuid": "ec638e64-9f96-4069-9020-13027e68c8c6",
                      "parentUUID": "37fa6415-2c68-471b-a3a6-265b1b79b98c",
                      "isHook": false,
                      "skipped": false
                    },
                    {
                      "title": "Create Task Category Test",
                      "fullTitle": "Testes MantisBugTracker Tasks Category Create Task Category Test",
                      "timedOut": null,
                      "duration": 3906,
                      "state": "passed",
                      "speed": "slow",
                      "pass": true,
                      "fail": false,
                      "pending": false,
                      "context": null,
                      "code": "_TaskPage[\"default\"].clickNewtask();\n_TaskPage[\"default\"].selectCategoryTest();\n_TaskPage[\"default\"].sendTextResume();\n_TaskPage[\"default\"].sendTextDescribe();\n_TaskPage[\"default\"].clickSaveNewTask(); //Validacao (Assert)\n\n_TaskPage[\"default\"].confirmTaskCreate();\n_TaskPage[\"default\"].navigate_home();",
                      "err": {},
                      "uuid": "4b4af3af-8334-4a0f-904e-7eee6bb05041",
                      "parentUUID": "37fa6415-2c68-471b-a3a6-265b1b79b98c",
                      "isHook": false,
                      "skipped": false
                    }
                  ],
                  "suites": [],
                  "passes": [
                    "55132d89-d90f-413e-b9b1-c3ce16fc39db",
                    "2f1664b2-bb27-46f9-aa73-1d3f600d6708",
                    "ec638e64-9f96-4069-9020-13027e68c8c6",
                    "4b4af3af-8334-4a0f-904e-7eee6bb05041"
                  ],
                  "failures": [],
                  "pending": [],
                  "skipped": [],
                  "duration": 16250,
                  "root": false,
                  "rootEmpty": false,
                  "_timeout": 2000
                },
                {
                  "uuid": "d43b206a-aa99-4dc7-b54e-76ad0dd8dba7",
                  "title": "Frequencia",
                  "fullFile": "",
                  "file": "",
                  "beforeHooks": [],
                  "afterHooks": [],
                  "tests": [
                    {
                      "title": "Criando Tarefa com frequencia \"SEMPRE",
                      "fullTitle": "Testes MantisBugTracker Tasks Frequencia Criando Tarefa com frequencia \"SEMPRE",
                      "timedOut": null,
                      "duration": 4224,
                      "state": "passed",
                      "speed": "slow",
                      "pass": true,
                      "fail": false,
                      "pending": false,
                      "context": null,
                      "code": "_TaskPage[\"default\"].clickNewtask();\n_TaskPage[\"default\"].selectCategory();\n_TaskPage[\"default\"].sendTextResume();\n_TaskPage[\"default\"].sendTextDescribe();\n_TaskPage[\"default\"].selectFrequencySempre();\n_TaskPage[\"default\"].clickSaveNewTask(); // Validacao(Assert)\n\n_TaskPage[\"default\"].confirmTaskCreate();",
                      "err": {},
                      "uuid": "e7bdecd9-be5c-437f-91b6-421cde1e8aac",
                      "parentUUID": "d43b206a-aa99-4dc7-b54e-76ad0dd8dba7",
                      "isHook": false,
                      "skipped": false
                    },
                    {
                      "title": "Criando Tarefa com frequencia \"AS VEZES",
                      "fullTitle": "Testes MantisBugTracker Tasks Frequencia Criando Tarefa com frequencia \"AS VEZES",
                      "timedOut": null,
                      "duration": 3740,
                      "state": "passed",
                      "speed": "slow",
                      "pass": true,
                      "fail": false,
                      "pending": false,
                      "context": null,
                      "code": "_TaskPage[\"default\"].clickNewtask();\n_TaskPage[\"default\"].selectCategory();\n_TaskPage[\"default\"].sendTextResume();\n_TaskPage[\"default\"].sendTextDescribe();\n_TaskPage[\"default\"].selectFrequencyAsvezes();\n_TaskPage[\"default\"].clickSaveNewTask(); // Validacao(Assert)\n\n_TaskPage[\"default\"].confirmTaskCreate();",
                      "err": {},
                      "uuid": "9256f941-97f7-4459-be57-4d81a8c8837c",
                      "parentUUID": "d43b206a-aa99-4dc7-b54e-76ad0dd8dba7",
                      "isHook": false,
                      "skipped": false
                    },
                    {
                      "title": "Criando Tarefa com frequencia \"Aleatorio",
                      "fullTitle": "Testes MantisBugTracker Tasks Frequencia Criando Tarefa com frequencia \"Aleatorio",
                      "timedOut": null,
                      "duration": 4094,
                      "state": "passed",
                      "speed": "slow",
                      "pass": true,
                      "fail": false,
                      "pending": false,
                      "context": null,
                      "code": "_TaskPage[\"default\"].clickNewtask();\n_TaskPage[\"default\"].selectCategory();\n_TaskPage[\"default\"].sendTextResume();\n_TaskPage[\"default\"].sendTextDescribe();\n_TaskPage[\"default\"].selectFrequencyAleatorio();\n_TaskPage[\"default\"].clickSaveNewTask(); // Validacao(Assert)\n\n_TaskPage[\"default\"].confirmTaskCreate();",
                      "err": {},
                      "uuid": "1cfdfe1c-025a-4e3c-883c-eadc418e88c6",
                      "parentUUID": "d43b206a-aa99-4dc7-b54e-76ad0dd8dba7",
                      "isHook": false,
                      "skipped": false
                    },
                    {
                      "title": "Criando Tarefa com frequencia \"Nao Se Atentou",
                      "fullTitle": "Testes MantisBugTracker Tasks Frequencia Criando Tarefa com frequencia \"Nao Se Atentou",
                      "timedOut": null,
                      "duration": 3823,
                      "state": "passed",
                      "speed": "slow",
                      "pass": true,
                      "fail": false,
                      "pending": false,
                      "context": null,
                      "code": "_TaskPage[\"default\"].clickNewtask();\n_TaskPage[\"default\"].selectCategory();\n_TaskPage[\"default\"].sendTextResume();\n_TaskPage[\"default\"].sendTextDescribe();\n_TaskPage[\"default\"].selectFrequencyNaoSeAtentou();\n_TaskPage[\"default\"].clickSaveNewTask(); // Validacao(Assert)\n\n_TaskPage[\"default\"].confirmTaskCreate();",
                      "err": {},
                      "uuid": "2f40bfb7-dfd2-4a7a-a019-37ac119e3ae9",
                      "parentUUID": "d43b206a-aa99-4dc7-b54e-76ad0dd8dba7",
                      "isHook": false,
                      "skipped": false
                    },
                    {
                      "title": "Criando Tarefa com frequencia \"Incapaz de Produzir",
                      "fullTitle": "Testes MantisBugTracker Tasks Frequencia Criando Tarefa com frequencia \"Incapaz de Produzir",
                      "timedOut": null,
                      "duration": 4061,
                      "state": "passed",
                      "speed": "slow",
                      "pass": true,
                      "fail": false,
                      "pending": false,
                      "context": null,
                      "code": "_TaskPage[\"default\"].clickNewtask();\n_TaskPage[\"default\"].selectCategory();\n_TaskPage[\"default\"].sendTextResume();\n_TaskPage[\"default\"].sendTextDescribe();\n_TaskPage[\"default\"].selectFrequencyIncapaz();\n_TaskPage[\"default\"].clickSaveNewTask(); // Validacao(Assert)\n\n_TaskPage[\"default\"].confirmTaskCreate();",
                      "err": {},
                      "uuid": "62fb6d46-93d9-4d65-a3af-276bb04636c0",
                      "parentUUID": "d43b206a-aa99-4dc7-b54e-76ad0dd8dba7",
                      "isHook": false,
                      "skipped": false
                    },
                    {
                      "title": "Criando Tarefa com frequencia \"N/D",
                      "fullTitle": "Testes MantisBugTracker Tasks Frequencia Criando Tarefa com frequencia \"N/D",
                      "timedOut": null,
                      "duration": 3818,
                      "state": "passed",
                      "speed": "slow",
                      "pass": true,
                      "fail": false,
                      "pending": false,
                      "context": null,
                      "code": "_TaskPage[\"default\"].clickNewtask();\n_TaskPage[\"default\"].selectCategory();\n_TaskPage[\"default\"].sendTextResume();\n_TaskPage[\"default\"].sendTextDescribe();\n_TaskPage[\"default\"].selectFrequencyND();\n_TaskPage[\"default\"].clickSaveNewTask(); // Validacao(Assert)\n\n_TaskPage[\"default\"].confirmTaskCreate();",
                      "err": {},
                      "uuid": "95850ecb-65a6-44c3-b525-93cd3f31cd77",
                      "parentUUID": "d43b206a-aa99-4dc7-b54e-76ad0dd8dba7",
                      "isHook": false,
                      "skipped": false
                    }
                  ],
                  "suites": [],
                  "passes": [
                    "e7bdecd9-be5c-437f-91b6-421cde1e8aac",
                    "9256f941-97f7-4459-be57-4d81a8c8837c",
                    "1cfdfe1c-025a-4e3c-883c-eadc418e88c6",
                    "2f40bfb7-dfd2-4a7a-a019-37ac119e3ae9",
                    "62fb6d46-93d9-4d65-a3af-276bb04636c0",
                    "95850ecb-65a6-44c3-b525-93cd3f31cd77"
                  ],
                  "failures": [],
                  "pending": [],
                  "skipped": [],
                  "duration": 23760,
                  "root": false,
                  "rootEmpty": false,
                  "_timeout": 2000
                }
              ],
              "passes": [
                "aea95377-2c52-408b-b577-c060eb0c89e0",
                "535e1f10-7542-41d5-9734-5d1d0738ce45",
                "bd7465f4-fd46-4dc4-9686-64282c5cebbb",
                "ce138ad5-c81e-4cd3-b2ae-806d4817dabd",
                "fc05c5db-1a54-4b4b-8c62-faa7aeb81461",
                "c1785cb4-8475-4ba4-aeba-ba3439b7468a",
                "c0113962-a222-46d8-99d3-57d3dc7d4133",
                "b7436de5-dad3-4f73-9808-97cb4731e61d",
                "6f4add39-03d4-47a7-a59e-e5900bacbc0f",
                "79b02a9c-c2a0-4223-81bd-e2d5c0990725",
                "4f006c78-184e-494d-bbb1-26831f5032cb",
                "c1e9a930-d36c-47e0-875a-32aebb0b0498"
              ],
              "failures": [],
              "pending": [
                "3baa8a32-f54c-4ed5-8769-60a0d0b2936d"
              ],
              "skipped": [],
              "duration": 50835,
              "root": false,
              "rootEmpty": false,
              "_timeout": 2000
            }
          ],
          "passes": [],
          "failures": [],
          "pending": [],
          "skipped": [],
          "duration": 0,
          "root": false,
          "rootEmpty": false,
          "_timeout": 2000
        }
      ],
      "passes": [],
      "failures": [],
      "pending": [],
      "skipped": [],
      "duration": 0,
      "root": true,
      "rootEmpty": true,
      "_timeout": 2000
    }
  ],
  "meta": {
    "mocha": {
      "version": "7.0.1"
    },
    "mochawesome": {
      "options": {
        "quiet": false,
        "reportFilename": "mochawesome",
        "saveHtml": true,
        "saveJson": true,
        "consoleReporter": "spec",
        "useInlineDiffs": false,
        "code": true
      },
      "version": "6.2.1"
    },
    "marge": {
      "options": {
        "id": "default",
        "reportDir": "cypress/reports/mocha",
        "quite": true,
        "overwrite": false,
        "html": true,
        "json": true,
        "reporter": "mocha-junit-reporter",
        "reporterOptions": {
          "mochaFile": "cypress / reports / junit / test-results. [hash] .xml",
          "testsuitesTitle": false
        }
      },
      "version": "5.1.0"
    }
  }
}