{
  "stats": {
    "suites": 0,
    "tests": 1,
    "passes": 1,
    "pending": 0,
    "failures": 0,
    "start": "2021-01-28T18:01:58.731Z",
    "end": "2021-01-28T18:01:58.812Z",
    "duration": 81,
    "testsRegistered": 1,
    "passPercent": 100,
    "pendingPercent": 0,
    "other": 0,
    "hasOther": false,
    "skipped": 0,
    "hasSkipped": false
  },
  "results": [
    {
      "uuid": "22f34787-2fd9-4e02-94f3-f9d5c3a40c63",
      "title": "",
      "fullFile": "cypress\\integration\\tests\\testDbDropProject.js",
      "file": "cypress\\integration\\tests\\testDbDropProject.js",
      "beforeHooks": [],
      "afterHooks": [],
      "tests": [
        {
          "title": "teste banco de dados",
          "fullTitle": "teste banco de dados",
          "timedOut": null,
          "duration": 70,
          "state": "passed",
          "speed": "medium",
          "pass": true,
          "fail": false,
          "pending": false,
          "context": null,
          "code": "var dbName = 'bugtracker';\nvar query = 'DELETE from mantis_project_table';\ncy.task('queryDatabase', {\n  dbName: dbName,\n  query: query\n}).as('Massa de dados');",
          "err": {},
          "uuid": "80ff0a55-9a3e-473c-9cbb-98f0a5b1f713",
          "parentUUID": "22f34787-2fd9-4e02-94f3-f9d5c3a40c63",
          "isHook": false,
          "skipped": false
        }
      ],
      "suites": [],
      "passes": [
        "80ff0a55-9a3e-473c-9cbb-98f0a5b1f713"
      ],
      "failures": [],
      "pending": [],
      "skipped": [],
      "duration": 70,
      "root": true,
      "rootEmpty": false,
      "_timeout": 2000
    }
  ],
  "meta": {
    "mocha": {
      "version": "7.0.1"
    },
    "mochawesome": {
      "options": {
        "quiet": false,
        "reportFilename": "mochawesome",
        "saveHtml": true,
        "saveJson": true,
        "consoleReporter": "spec",
        "useInlineDiffs": false,
        "code": true
      },
      "version": "6.2.1"
    },
    "marge": {
      "options": {
        "id": "default",
        "reportDir": "cypress/reports/mocha",
        "quite": true,
        "overwrite": false,
        "html": true,
        "json": true,
        "reporter": "mocha-junit-reporter",
        "reporterOptions": {
          "mochaFile": "cypress / reports / junit / test-results. [hash] .xml",
          "testsuitesTitle": false
        }
      },
      "version": "5.1.0"
    }
  }
}