{
  "stats": {
    "suites": 0,
    "tests": 1,
    "passes": 1,
    "pending": 0,
    "failures": 0,
    "start": "2021-01-28T18:02:08.881Z",
    "end": "2021-01-28T18:02:14.754Z",
    "duration": 5873,
    "testsRegistered": 1,
    "passPercent": 100,
    "pendingPercent": 0,
    "other": 0,
    "hasOther": false,
    "skipped": 0,
    "hasSkipped": false
  },
  "results": [
    {
      "uuid": "ba9d6ccc-6ca0-4c88-b365-90f21c64e18c",
      "title": "",
      "fullFile": "cypress\\integration\\tests\\teste.js",
      "file": "cypress\\integration\\tests\\teste.js",
      "beforeHooks": [],
      "afterHooks": [],
      "tests": [
        {
          "title": "testeenvio",
          "fullTitle": "testeenvio",
          "timedOut": null,
          "duration": 3917,
          "state": "passed",
          "speed": "slow",
          "pass": true,
          "fail": false,
          "pending": false,
          "context": null,
          "code": "cy.visit('https://fineuploader.com/demos.html');\nvar imagefile = 'anexo.png';\ncy.get('[name=\"qqfile\"]').attachFile(imagefile);",
          "err": {},
          "uuid": "51f84020-0425-4080-a778-ccbeb40a659a",
          "parentUUID": "ba9d6ccc-6ca0-4c88-b365-90f21c64e18c",
          "isHook": false,
          "skipped": false
        }
      ],
      "suites": [],
      "passes": [
        "51f84020-0425-4080-a778-ccbeb40a659a"
      ],
      "failures": [],
      "pending": [],
      "skipped": [],
      "duration": 3917,
      "root": true,
      "rootEmpty": false,
      "_timeout": 2000
    }
  ],
  "meta": {
    "mocha": {
      "version": "7.0.1"
    },
    "mochawesome": {
      "options": {
        "quiet": false,
        "reportFilename": "mochawesome",
        "saveHtml": true,
        "saveJson": true,
        "consoleReporter": "spec",
        "useInlineDiffs": false,
        "code": true
      },
      "version": "6.2.1"
    },
    "marge": {
      "options": {
        "id": "default",
        "reportDir": "cypress/reports/mocha",
        "quite": true,
        "overwrite": false,
        "html": true,
        "json": true,
        "reporter": "mocha-junit-reporter",
        "reporterOptions": {
          "mochaFile": "cypress / reports / junit / test-results. [hash] .xml",
          "testsuitesTitle": false
        }
      },
      "version": "5.1.0"
    }
  }
}