{
  "stats": {
    "suites": 0,
    "tests": 1,
    "passes": 1,
    "pending": 0,
    "failures": 0,
    "start": "2021-01-28T18:01:28.517Z",
    "end": "2021-01-28T18:01:28.619Z",
    "duration": 102,
    "testsRegistered": 1,
    "passPercent": 100,
    "pendingPercent": 0,
    "other": 0,
    "hasOther": false,
    "skipped": 0,
    "hasSkipped": false
  },
  "results": [
    {
      "uuid": "d182a8cb-649a-4352-a462-fe8fad452864",
      "title": "",
      "fullFile": "cypress\\integration\\tests\\Createcategory.spec.js",
      "file": "cypress\\integration\\tests\\Createcategory.spec.js",
      "beforeHooks": [],
      "afterHooks": [],
      "tests": [
        {
          "title": "teste banco de dados",
          "fullTitle": "teste banco de dados",
          "timedOut": null,
          "duration": 79,
          "state": "passed",
          "speed": "slow",
          "pass": true,
          "fail": false,
          "pending": false,
          "context": null,
          "code": "var dbName = 'bugtracker';\nvar query = 'INSERT INTO mantis_category_table (NAME) VALUES (\"Principal\")';\ncy.task('queryDatabase', {\n  dbName: dbName,\n  query: query\n}).as('Massa de dados');",
          "err": {},
          "uuid": "e83e8a59-6f5b-4e80-b0c4-41636b3a6518",
          "parentUUID": "d182a8cb-649a-4352-a462-fe8fad452864",
          "isHook": false,
          "skipped": false
        }
      ],
      "suites": [],
      "passes": [
        "e83e8a59-6f5b-4e80-b0c4-41636b3a6518"
      ],
      "failures": [],
      "pending": [],
      "skipped": [],
      "duration": 79,
      "root": true,
      "rootEmpty": false,
      "_timeout": 2000
    }
  ],
  "meta": {
    "mocha": {
      "version": "7.0.1"
    },
    "mochawesome": {
      "options": {
        "quiet": false,
        "reportFilename": "mochawesome",
        "saveHtml": true,
        "saveJson": true,
        "consoleReporter": "spec",
        "useInlineDiffs": false,
        "code": true
      },
      "version": "6.2.1"
    },
    "marge": {
      "options": {
        "id": "default",
        "reportDir": "cypress/reports/mocha",
        "quite": true,
        "overwrite": false,
        "html": true,
        "json": true,
        "reporter": "mocha-junit-reporter",
        "reporterOptions": {
          "mochaFile": "cypress / reports / junit / test-results. [hash] .xml",
          "testsuitesTitle": false
        }
      },
      "version": "5.1.0"
    }
  }
}