{
  "stats": {
    "suites": 1,
    "tests": 3,
    "passes": 2,
    "pending": 0,
    "failures": 1,
    "start": "2021-01-28T18:01:12.638Z",
    "end": "2021-01-28T18:01:21.148Z",
    "duration": 8510,
    "testsRegistered": 3,
    "passPercent": 66.66666666666666,
    "pendingPercent": 0,
    "other": 0,
    "hasOther": false,
    "skipped": 0,
    "hasSkipped": false
  },
  "results": [
    {
      "uuid": "965438eb-0c73-4731-b815-2f0decff498d",
      "title": "",
      "fullFile": "cypress\\integration\\tests\\acessoCrowdtestTests.spec.js",
      "file": "cypress\\integration\\tests\\acessoCrowdtestTests.spec.js",
      "beforeHooks": [],
      "afterHooks": [],
      "tests": [],
      "suites": [
        {
          "uuid": "5d74a1aa-d587-44e1-bdd3-2533b0accdd9",
          "title": "loginBugTracker",
          "fullFile": "",
          "file": "",
          "beforeHooks": [],
          "afterHooks": [],
          "tests": [
            {
              "title": "teste banco de dados",
              "fullTitle": "loginBugTracker teste banco de dados",
              "timedOut": null,
              "duration": 2323,
              "state": "passed",
              "speed": "slow",
              "pass": true,
              "fail": false,
              "pending": false,
              "context": null,
              "code": "",
              "err": {},
              "uuid": "c57f6dfd-749b-4356-8c98-9bd4285340ae",
              "parentUUID": "5d74a1aa-d587-44e1-bdd3-2533b0accdd9",
              "isHook": false,
              "skipped": false
            },
            {
              "title": "RealizarLoginSucesso",
              "fullTitle": "loginBugTracker RealizarLoginSucesso",
              "timedOut": null,
              "duration": 1258,
              "state": "passed",
              "speed": "slow",
              "pass": true,
              "fail": false,
              "pending": false,
              "context": null,
              "code": "//Parametros (Arrange)\n//Validacao (Assert)\n_LoginPage[\"default\"].validateLogin(); //         managmentPage.managementClick()",
              "err": {},
              "uuid": "42b734a1-2515-4f8f-9fa7-cb2d11c53781",
              "parentUUID": "5d74a1aa-d587-44e1-bdd3-2533b0accdd9",
              "isHook": false,
              "skipped": false
            },
            {
              "title": "CreateUsers",
              "fullTitle": "loginBugTracker CreateUsers",
              "timedOut": null,
              "duration": 1740,
              "state": "failed",
              "speed": null,
              "pass": false,
              "fail": true,
              "pending": false,
              "context": null,
              "code": "_managmentPage[\"default\"].managementClick();",
              "err": {
                "message": "TypeError: _managmentPage.default.managementClick is not a function",
                "estack": "TypeError: _managmentPage.default.managementClick is not a function\n    at Context.eval (http://localhost:8989/__cypress/tests?p=cypress\\integration\\tests\\acessoCrowdtestTests.spec.js:270:31)",
                "diff": null
              },
              "uuid": "51a32fd6-d635-4de2-976c-a47da2a81810",
              "parentUUID": "5d74a1aa-d587-44e1-bdd3-2533b0accdd9",
              "isHook": false,
              "skipped": false
            }
          ],
          "suites": [],
          "passes": [
            "c57f6dfd-749b-4356-8c98-9bd4285340ae",
            "42b734a1-2515-4f8f-9fa7-cb2d11c53781"
          ],
          "failures": [
            "51a32fd6-d635-4de2-976c-a47da2a81810"
          ],
          "pending": [],
          "skipped": [],
          "duration": 5321,
          "root": false,
          "rootEmpty": false,
          "_timeout": 2000
        }
      ],
      "passes": [],
      "failures": [],
      "pending": [],
      "skipped": [],
      "duration": 0,
      "root": true,
      "rootEmpty": true,
      "_timeout": 2000
    }
  ],
  "meta": {
    "mocha": {
      "version": "7.0.1"
    },
    "mochawesome": {
      "options": {
        "quiet": false,
        "reportFilename": "mochawesome",
        "saveHtml": true,
        "saveJson": true,
        "consoleReporter": "spec",
        "useInlineDiffs": false,
        "code": true
      },
      "version": "6.2.1"
    },
    "marge": {
      "options": {
        "id": "default",
        "reportDir": "cypress/reports/mocha",
        "quite": true,
        "overwrite": false,
        "html": true,
        "json": true,
        "reporter": "mocha-junit-reporter",
        "reporterOptions": {
          "mochaFile": "cypress / reports / junit / test-results. [hash] .xml",
          "testsuitesTitle": false
        }
      },
      "version": "5.1.0"
    }
  }
}