{
  "stats": {
    "suites": 10,
    "tests": 43,
    "passes": 42,
    "pending": 1,
    "failures": 0,
    "start": "2021-01-28T18:07:05.974Z",
    "end": "2021-01-28T18:09:48.897Z",
    "duration": 162923,
    "testsRegistered": 44,
    "passPercent": 97.67441860465115,
    "pendingPercent": 2.272727272727273,
    "other": 1,
    "hasOther": true,
    "skipped": 1,
    "hasSkipped": true
  },
  "results": [
    {
      "uuid": "7fc819ae-f18b-4887-b8e9-d578228893a4",
      "title": "",
      "fullFile": "cypress\\integration\\tests\\desafiobase.spec.js",
      "file": "cypress\\integration\\tests\\desafiobase.spec.js",
      "beforeHooks": [],
      "afterHooks": [],
      "tests": [],
      "suites": [
        {
          "uuid": "12b206d1-571b-4dd9-8cf7-2aa5412a9307",
          "title": "Testes MantisBugTracker",
          "fullFile": "",
          "file": "",
          "beforeHooks": [],
          "afterHooks": [],
          "tests": [],
          "suites": [
            {
              "uuid": "e5ead446-cdfb-48b7-a66a-9329e8490319",
              "title": "Logins",
              "fullFile": "",
              "file": "",
              "beforeHooks": [],
              "afterHooks": [],
              "tests": [
                {
                  "title": "Login Sucessfull",
                  "fullTitle": "Testes MantisBugTracker Logins Login Sucessfull",
                  "timedOut": null,
                  "duration": 2294,
                  "state": "passed",
                  "speed": "slow",
                  "pass": true,
                  "fail": false,
                  "pending": false,
                  "context": null,
                  "code": "//Validacao (Assert)\n_LoginPage[\"default\"].validateLogin();",
                  "err": {},
                  "uuid": "5d7415c9-429f-4fc7-af5b-4d23c64166a7",
                  "parentUUID": "e5ead446-cdfb-48b7-a66a-9329e8490319",
                  "isHook": false,
                  "skipped": false
                }
              ],
              "suites": [],
              "passes": [
                "5d7415c9-429f-4fc7-af5b-4d23c64166a7"
              ],
              "failures": [],
              "pending": [],
              "skipped": [],
              "duration": 2294,
              "root": false,
              "rootEmpty": false,
              "_timeout": 2000
            },
            {
              "uuid": "9030ae2a-7215-4d61-958c-6d9b46404e3e",
              "title": "Gerenciar",
              "fullFile": "",
              "file": "",
              "beforeHooks": [],
              "afterHooks": [],
              "tests": [],
              "suites": [
                {
                  "uuid": "ec52ba91-5076-493f-ba62-e805bc5b8f3e",
                  "title": "Users",
                  "fullFile": "",
                  "file": "",
                  "beforeHooks": [],
                  "afterHooks": [],
                  "tests": [
                    {
                      "title": "Create Users Email Duplicated",
                      "fullTitle": "Testes MantisBugTracker Gerenciar Users Create Users Email Duplicated",
                      "timedOut": null,
                      "duration": 3151,
                      "state": "passed",
                      "speed": "slow",
                      "pass": true,
                      "fail": false,
                      "pending": false,
                      "context": null,
                      "code": "var name = 'User';\nvar nickname = 'Teste';\nvar email = 'root@localhost';\n_ManagmentPage[\"default\"].clickConfig();\n_ManagmentPage[\"default\"].clickUserConfig();\n_ManagmentPage[\"default\"].ClicknewUser();\n_ManagmentPage[\"default\"].SendName(name);\n_ManagmentPage[\"default\"].SendRealname(nickname);\n_ManagmentPage[\"default\"].SendEmail(email);\n_ManagmentPage[\"default\"].selectAcessNivel();\n_ManagmentPage[\"default\"].clickSaveUser();\n_ManagmentPage[\"default\"].assertEmailExist();",
                      "err": {},
                      "uuid": "3494de39-1ece-4a11-8888-d9a9c5eeaade",
                      "parentUUID": "ec52ba91-5076-493f-ba62-e805bc5b8f3e",
                      "isHook": false,
                      "skipped": false
                    },
                    {
                      "title": "Create Users Name Duplicated",
                      "fullTitle": "Testes MantisBugTracker Gerenciar Users Create Users Name Duplicated",
                      "timedOut": null,
                      "duration": 3240,
                      "state": "passed",
                      "speed": "slow",
                      "pass": true,
                      "fail": false,
                      "pending": false,
                      "context": null,
                      "code": "var name = 'administrator';\nvar nickname = 'admin';\nvar email = 'e-mailteste@gmail.com';\n_ManagmentPage[\"default\"].clickConfig();\n_ManagmentPage[\"default\"].clickUserConfig();\n_ManagmentPage[\"default\"].ClicknewUser();\n_ManagmentPage[\"default\"].SendName(name);\n_ManagmentPage[\"default\"].SendRealname(nickname);\n_ManagmentPage[\"default\"].SendEmail(email);\n_ManagmentPage[\"default\"].selectAcessNivel();\n_ManagmentPage[\"default\"].clickSaveUser();\n_ManagmentPage[\"default\"].assertNameExist();",
                      "err": {},
                      "uuid": "73f28f84-3837-48b7-9829-b217aa0b04ea",
                      "parentUUID": "ec52ba91-5076-493f-ba62-e805bc5b8f3e",
                      "isHook": false,
                      "skipped": false
                    },
                    {
                      "title": "Create User sucessfull",
                      "fullTitle": "Testes MantisBugTracker Gerenciar Users Create User sucessfull",
                      "timedOut": null,
                      "duration": 5488,
                      "state": "passed",
                      "speed": "slow",
                      "pass": true,
                      "fail": false,
                      "pending": false,
                      "context": null,
                      "code": "var name = 'Userone';\nvar nickname = 'One';\nvar email = 'userone@email.com';\n_ManagmentPage[\"default\"].clickConfig();\n_ManagmentPage[\"default\"].clickUserConfig();\n_ManagmentPage[\"default\"].ClicknewUser();\n_ManagmentPage[\"default\"].SendName(name);\n_ManagmentPage[\"default\"].SendRealname(nickname);\n_ManagmentPage[\"default\"].SendEmail(email);\n_ManagmentPage[\"default\"].selectAcessNivel();\n_ManagmentPage[\"default\"].clickSaveUser();\n_ManagmentPage[\"default\"].assertCreateUser();\n_ManagmentPage[\"default\"].clickContinue();\n_ManagmentPage[\"default\"].clickDeleteUserCreated();\n_ManagmentPage[\"default\"].clickConfirmDeleteUserCreated(); //Validacao (Assert)\n\n_ManagmentPage[\"default\"].assertDeletedUser();",
                      "err": {},
                      "uuid": "aafbae73-8919-4119-b408-4e7e14e5635b",
                      "parentUUID": "ec52ba91-5076-493f-ba62-e805bc5b8f3e",
                      "isHook": false,
                      "skipped": false
                    },
                    {
                      "title": "FilterUserTest",
                      "fullTitle": "Testes MantisBugTracker Gerenciar Users FilterUserTest",
                      "timedOut": null,
                      "duration": 6964,
                      "state": "passed",
                      "speed": "slow",
                      "pass": true,
                      "fail": false,
                      "pending": false,
                      "context": null,
                      "code": "var name = 'Usertwo';\nvar nickname = 'two';\nvar email = 'usertwo@email.com';\n_ManagmentPage[\"default\"].clickConfig();\n_ManagmentPage[\"default\"].clickUserConfig();\n_ManagmentPage[\"default\"].ClicknewUser();\n_ManagmentPage[\"default\"].SendName(name);\n_ManagmentPage[\"default\"].SendRealname(nickname);\n_ManagmentPage[\"default\"].SendEmail(email);\n_ManagmentPage[\"default\"].selectAcessNivel();\n_ManagmentPage[\"default\"].clickSaveUser();\n_ManagmentPage[\"default\"].clickContinue();\n_ManagmentPage[\"default\"].clickUserConfig();\n_ManagmentPage[\"default\"].sendTextSearchUser(name);\n_ManagmentPage[\"default\"].clickApplySearchUser();\ncy.wait(1000);\n_ManagmentPage[\"default\"].clickNameUserFiltered();\n_ManagmentPage[\"default\"].assertNameUserFiltered();\n_ManagmentPage[\"default\"].clickDeleteUserCreated();\n_ManagmentPage[\"default\"].clickConfirmDeleteUserCreated(); //Validacao (Assert)\n\n_ManagmentPage[\"default\"].assertDeletedUser();",
                      "err": {},
                      "uuid": "074e6942-4a37-4e46-8adb-f76712246ab1",
                      "parentUUID": "ec52ba91-5076-493f-ba62-e805bc5b8f3e",
                      "isHook": false,
                      "skipped": false
                    },
                    {
                      "title": "Criar usuario sem o nome preenchido",
                      "fullTitle": "Testes MantisBugTracker Gerenciar Users Criar usuario sem o nome preenchido",
                      "timedOut": null,
                      "duration": 2118,
                      "state": "passed",
                      "speed": "slow",
                      "pass": true,
                      "fail": false,
                      "pending": false,
                      "context": null,
                      "code": "_ManagmentPage[\"default\"].clickConfig();\n_ManagmentPage[\"default\"].clickUserConfig();\n_ManagmentPage[\"default\"].ClicknewUser();\n_ManagmentPage[\"default\"].clickSaveUser();\n_ManagmentPage[\"default\"].assertNameInvalido();",
                      "err": {},
                      "uuid": "db4d4490-8da2-412f-9899-710ee8f2923f",
                      "parentUUID": "ec52ba91-5076-493f-ba62-e805bc5b8f3e",
                      "isHook": false,
                      "skipped": false
                    },
                    {
                      "title": "Delete User Created",
                      "fullTitle": "Testes MantisBugTracker Gerenciar Users Delete User Created",
                      "timedOut": null,
                      "duration": 3179,
                      "state": "passed",
                      "speed": "slow",
                      "pass": true,
                      "fail": false,
                      "pending": false,
                      "context": null,
                      "code": "var name = 'Userone';\n_ManagmentPage[\"default\"].clickConfig();\n_ManagmentPage[\"default\"].clickUserConfig();\n_ManagmentPage[\"default\"].ClicknewUser();\n_ManagmentPage[\"default\"].SendName(name);\n_ManagmentPage[\"default\"].clickSaveUser();\n_ManagmentPage[\"default\"].clickContinue();\n_ManagmentPage[\"default\"].clickDeleteUserCreated();\n_ManagmentPage[\"default\"].clickConfirmDeleteUserCreated(); //Validacao (Assert)\n\n_ManagmentPage[\"default\"].assertDeletedUser();",
                      "err": {},
                      "uuid": "fbca0966-4b37-4e4a-ac52-600a1c9731d8",
                      "parentUUID": "ec52ba91-5076-493f-ba62-e805bc5b8f3e",
                      "isHook": false,
                      "skipped": false
                    }
                  ],
                  "suites": [],
                  "passes": [
                    "3494de39-1ece-4a11-8888-d9a9c5eeaade",
                    "73f28f84-3837-48b7-9829-b217aa0b04ea",
                    "aafbae73-8919-4119-b408-4e7e14e5635b",
                    "074e6942-4a37-4e46-8adb-f76712246ab1",
                    "db4d4490-8da2-412f-9899-710ee8f2923f",
                    "fbca0966-4b37-4e4a-ac52-600a1c9731d8"
                  ],
                  "failures": [],
                  "pending": [],
                  "skipped": [],
                  "duration": 24140,
                  "root": false,
                  "rootEmpty": false,
                  "_timeout": 2000
                },
                {
                  "uuid": "986c6c80-9b29-4588-9099-983113035e05",
                  "title": "Projetos",
                  "fullFile": "",
                  "file": "",
                  "beforeHooks": [],
                  "afterHooks": [],
                  "tests": [
                    {
                      "title": "Criar Project com campos obrigatorios",
                      "fullTitle": "Testes MantisBugTracker Gerenciar Projetos Criar Project com campos obrigatorios",
                      "timedOut": null,
                      "duration": 2708,
                      "state": "passed",
                      "speed": "slow",
                      "pass": true,
                      "fail": false,
                      "pending": false,
                      "context": null,
                      "code": "_ManagmentProjectPage[\"default\"].clickConfigBtt();\n_ManagmentProjectPage[\"default\"].clickManageProject();\n_ManagmentProjectPage[\"default\"].clickCreateNewProject();\n_ManagmentProjectPage[\"default\"].sendtextNameProject();\n_ManagmentProjectPage[\"default\"].clickBttAddProject();\n_ManagmentProjectPage[\"default\"].assertCreatedSucess();",
                      "err": {},
                      "uuid": "04de3bc7-de8a-4e8a-b77f-99a6b65f81fd",
                      "parentUUID": "986c6c80-9b29-4588-9099-983113035e05",
                      "isHook": false,
                      "skipped": false
                    },
                    {
                      "title": "Criar Projeto com Visibilidade Private",
                      "fullTitle": "Testes MantisBugTracker Gerenciar Projetos Criar Projeto com Visibilidade Private",
                      "timedOut": null,
                      "duration": 2499,
                      "state": "passed",
                      "speed": "slow",
                      "pass": true,
                      "fail": false,
                      "pending": false,
                      "context": null,
                      "code": "_ManagmentProjectPage[\"default\"].clickConfigBtt();\n_ManagmentProjectPage[\"default\"].clickManageProject();\n_ManagmentProjectPage[\"default\"].clickCreateNewProject();\n_ManagmentProjectPage[\"default\"].sendtextNameProject();\n_ManagmentProjectPage[\"default\"].selectStateProjectPrivate(); //Validacao (Assert)\n\n_ManagmentProjectPage[\"default\"].assertStateProject();\n_ManagmentProjectPage[\"default\"].clickBttAddProject(); //Validacao (Assert)\n\n_ManagmentProjectPage[\"default\"].assertCreatedSucess();",
                      "err": {},
                      "uuid": "4712c4ad-df87-46f9-b972-5b20aea8b451",
                      "parentUUID": "986c6c80-9b29-4588-9099-983113035e05",
                      "isHook": false,
                      "skipped": false
                    },
                    {
                      "title": "CriarProjeo - DataDriven ProjectX",
                      "fullTitle": "Testes MantisBugTracker Gerenciar Projetos CriarProjeo - DataDriven ProjectX",
                      "timedOut": null,
                      "duration": 2610,
                      "state": "passed",
                      "speed": "slow",
                      "pass": true,
                      "fail": false,
                      "pending": false,
                      "context": null,
                      "code": "_ManagmentProjectPage[\"default\"].clickConfigBtt();\n_ManagmentProjectPage[\"default\"].clickManageProject();\n_ManagmentProjectPage[\"default\"].clickCreateNewProject();\n_ManagmentProjectPage[\"default\"].sendVarTextNameProject(projeto);\n_ManagmentProjectPage[\"default\"].clickBttAddProject(); //Validacao (Assert)\n\n_ManagmentProjectPage[\"default\"].assertCreatedSucess();",
                      "err": {},
                      "uuid": "516d09ec-be8d-4045-b8be-41c12ca49267",
                      "parentUUID": "986c6c80-9b29-4588-9099-983113035e05",
                      "isHook": false,
                      "skipped": false
                    },
                    {
                      "title": "CriarProjeo - DataDriven ProjectY",
                      "fullTitle": "Testes MantisBugTracker Gerenciar Projetos CriarProjeo - DataDriven ProjectY",
                      "timedOut": null,
                      "duration": 2326,
                      "state": "passed",
                      "speed": "slow",
                      "pass": true,
                      "fail": false,
                      "pending": false,
                      "context": null,
                      "code": "_ManagmentProjectPage[\"default\"].clickConfigBtt();\n_ManagmentProjectPage[\"default\"].clickManageProject();\n_ManagmentProjectPage[\"default\"].clickCreateNewProject();\n_ManagmentProjectPage[\"default\"].sendVarTextNameProject(projeto);\n_ManagmentProjectPage[\"default\"].clickBttAddProject(); //Validacao (Assert)\n\n_ManagmentProjectPage[\"default\"].assertCreatedSucess();",
                      "err": {},
                      "uuid": "3412c424-e9d7-4d83-afe3-2ce1a879cb31",
                      "parentUUID": "986c6c80-9b29-4588-9099-983113035e05",
                      "isHook": false,
                      "skipped": false
                    },
                    {
                      "title": "CriarProjeo - DataDriven ProjectZ",
                      "fullTitle": "Testes MantisBugTracker Gerenciar Projetos CriarProjeo - DataDriven ProjectZ",
                      "timedOut": null,
                      "duration": 2322,
                      "state": "passed",
                      "speed": "slow",
                      "pass": true,
                      "fail": false,
                      "pending": false,
                      "context": null,
                      "code": "_ManagmentProjectPage[\"default\"].clickConfigBtt();\n_ManagmentProjectPage[\"default\"].clickManageProject();\n_ManagmentProjectPage[\"default\"].clickCreateNewProject();\n_ManagmentProjectPage[\"default\"].sendVarTextNameProject(projeto);\n_ManagmentProjectPage[\"default\"].clickBttAddProject(); //Validacao (Assert)\n\n_ManagmentProjectPage[\"default\"].assertCreatedSucess();",
                      "err": {},
                      "uuid": "230fa3f4-a8d9-4a38-9413-1a730e61a490",
                      "parentUUID": "986c6c80-9b29-4588-9099-983113035e05",
                      "isHook": false,
                      "skipped": false
                    },
                    {
                      "title": "Validar campo Obrigatorio Nome do Projeto",
                      "fullTitle": "Testes MantisBugTracker Gerenciar Projetos Validar campo Obrigatorio Nome do Projeto",
                      "timedOut": null,
                      "duration": 1863,
                      "state": "passed",
                      "speed": "slow",
                      "pass": true,
                      "fail": false,
                      "pending": false,
                      "context": null,
                      "code": "_ManagmentProjectPage[\"default\"].clickConfigBtt();\n_ManagmentProjectPage[\"default\"].clickManageProject();\n_ManagmentProjectPage[\"default\"].clickCreateNewProject();\n_ManagmentProjectPage[\"default\"].alertNameProject();",
                      "err": {},
                      "uuid": "561e8483-998e-4831-93bf-cec1c6f6f2ca",
                      "parentUUID": "986c6c80-9b29-4588-9099-983113035e05",
                      "isHook": false,
                      "skipped": false
                    }
                  ],
                  "suites": [],
                  "passes": [
                    "04de3bc7-de8a-4e8a-b77f-99a6b65f81fd",
                    "4712c4ad-df87-46f9-b972-5b20aea8b451",
                    "516d09ec-be8d-4045-b8be-41c12ca49267",
                    "3412c424-e9d7-4d83-afe3-2ce1a879cb31",
                    "230fa3f4-a8d9-4a38-9413-1a730e61a490",
                    "561e8483-998e-4831-93bf-cec1c6f6f2ca"
                  ],
                  "failures": [],
                  "pending": [],
                  "skipped": [],
                  "duration": 14328,
                  "root": false,
                  "rootEmpty": false,
                  "_timeout": 2000
                },
                {
                  "uuid": "ec5dd4ed-9a0e-4422-b38d-0aa763476b26",
                  "title": "Marker",
                  "fullFile": "",
                  "file": "",
                  "beforeHooks": [],
                  "afterHooks": [],
                  "tests": [
                    {
                      "title": "Criar Marcador com campos obrigatorios",
                      "fullTitle": "Testes MantisBugTracker Gerenciar Marker Criar Marcador com campos obrigatorios",
                      "timedOut": null,
                      "duration": 2924,
                      "state": "passed",
                      "speed": "slow",
                      "pass": true,
                      "fail": false,
                      "pending": false,
                      "context": null,
                      "code": "_ManagmentMarkerPage[\"default\"].clickConfigBtt();\n_ManagmentMarkerPage[\"default\"].clickMarkersBtt();\n_ManagmentMarkerPage[\"default\"].sendMarkerName();\n_ManagmentMarkerPage[\"default\"].clickCreateMarkerbtt();\n_ManagmentMarkerPage[\"default\"].verifyCreated();\n_ManagmentMarkerPage[\"default\"].clickAcessMarker();\n_ManagmentMarkerPage[\"default\"].clickDeleteMarkerbtt();\n_ManagmentMarkerPage[\"default\"].assertConfirmDeleteMarker();\n_ManagmentMarkerPage[\"default\"].clickConfirmDeletemarkerbtt();",
                      "err": {},
                      "uuid": "6714e224-e2f8-4ac8-9ade-603fb3711e88",
                      "parentUUID": "ec5dd4ed-9a0e-4422-b38d-0aa763476b26",
                      "isHook": false,
                      "skipped": false
                    },
                    {
                      "title": "Criar Marcador com todos os campos",
                      "fullTitle": "Testes MantisBugTracker Gerenciar Marker Criar Marcador com todos os campos",
                      "timedOut": null,
                      "duration": 3028,
                      "state": "passed",
                      "speed": "slow",
                      "pass": true,
                      "fail": false,
                      "pending": false,
                      "context": null,
                      "code": "_ManagmentMarkerPage[\"default\"].clickConfigBtt();\n_ManagmentMarkerPage[\"default\"].clickMarkersBtt();\n_ManagmentMarkerPage[\"default\"].sendMarkerName();\n_ManagmentMarkerPage[\"default\"].sendMarkerDescription();\n_ManagmentMarkerPage[\"default\"].clickCreateMarkerbtt();\n_ManagmentMarkerPage[\"default\"].verifyCreated();\n_ManagmentMarkerPage[\"default\"].clickAcessMarker();\n_ManagmentMarkerPage[\"default\"].clickDeleteMarkerbtt();\n_ManagmentMarkerPage[\"default\"].assertConfirmDeleteMarker();\n_ManagmentMarkerPage[\"default\"].clickConfirmDeletemarkerbtt();",
                      "err": {},
                      "uuid": "b9c772bd-33fa-435c-8765-3f275f469d06",
                      "parentUUID": "ec5dd4ed-9a0e-4422-b38d-0aa763476b26",
                      "isHook": false,
                      "skipped": false
                    },
                    {
                      "title": "Atualizar Marcador",
                      "fullTitle": "Testes MantisBugTracker Gerenciar Marker Atualizar Marcador",
                      "timedOut": null,
                      "duration": 3862,
                      "state": "passed",
                      "speed": "slow",
                      "pass": true,
                      "fail": false,
                      "pending": false,
                      "context": null,
                      "code": "_ManagmentMarkerPage[\"default\"].clickConfigBtt();\n_ManagmentMarkerPage[\"default\"].clickMarkersBtt();\n_ManagmentMarkerPage[\"default\"].sendMarkerName();\n_ManagmentMarkerPage[\"default\"].sendMarkerDescription();\n_ManagmentMarkerPage[\"default\"].clickCreateMarkerbtt();\n_ManagmentMarkerPage[\"default\"].clickAcessMarker();\n_ManagmentMarkerPage[\"default\"].clickUpdateMarkerbtt();\n_ManagmentMarkerPage[\"default\"].sendnewValueNameMarker();\n_ManagmentMarkerPage[\"default\"].clickAfterUpdateMarker();\n_ManagmentMarkerPage[\"default\"].assertConfirmUpdatedSucess();\n_ManagmentMarkerPage[\"default\"].clickDeleteMarkerbtt();\n_ManagmentMarkerPage[\"default\"].assertConfirmDeleteMarker();\n_ManagmentMarkerPage[\"default\"].clickConfirmDeletemarkerbtt();",
                      "err": {},
                      "uuid": "d4d93660-a9ab-4c7e-9c2b-6bae587c28bd",
                      "parentUUID": "ec5dd4ed-9a0e-4422-b38d-0aa763476b26",
                      "isHook": false,
                      "skipped": false
                    },
                    {
                      "title": "Verificar Obrigatoriedade do campo Nome",
                      "fullTitle": "Testes MantisBugTracker Gerenciar Marker Verificar Obrigatoriedade do campo Nome",
                      "timedOut": null,
                      "duration": 1665,
                      "state": "passed",
                      "speed": "slow",
                      "pass": true,
                      "fail": false,
                      "pending": false,
                      "context": null,
                      "code": "_ManagmentMarkerPage[\"default\"].clickConfigBtt();\n_ManagmentMarkerPage[\"default\"].clickMarkersBtt();\n_ManagmentMarkerPage[\"default\"].alertNameMarker();",
                      "err": {},
                      "uuid": "c995c5e6-2bf4-459b-8d5b-c6fb720a064c",
                      "parentUUID": "ec5dd4ed-9a0e-4422-b38d-0aa763476b26",
                      "isHook": false,
                      "skipped": false
                    }
                  ],
                  "suites": [],
                  "passes": [
                    "6714e224-e2f8-4ac8-9ade-603fb3711e88",
                    "b9c772bd-33fa-435c-8765-3f275f469d06",
                    "d4d93660-a9ab-4c7e-9c2b-6bae587c28bd",
                    "c995c5e6-2bf4-459b-8d5b-c6fb720a064c"
                  ],
                  "failures": [],
                  "pending": [],
                  "skipped": [],
                  "duration": 11479,
                  "root": false,
                  "rootEmpty": false,
                  "_timeout": 2000
                },
                {
                  "uuid": "bcd238e6-64b8-46c3-beec-610908ab7d6c",
                  "title": "Perfil",
                  "fullFile": "",
                  "file": "",
                  "beforeHooks": [],
                  "afterHooks": [],
                  "tests": [
                    {
                      "title": "Cadastrar Perfil Campos Obrigatorios",
                      "fullTitle": "Testes MantisBugTracker Gerenciar Perfil Cadastrar Perfil Campos Obrigatorios",
                      "timedOut": null,
                      "duration": 2582,
                      "state": "passed",
                      "speed": "slow",
                      "pass": true,
                      "fail": false,
                      "pending": false,
                      "context": null,
                      "code": "_ManagmentPerfilPage[\"default\"].clickConfigBtt();\n_ManagmentPerfilPage[\"default\"].clickGerenciaPerfil();\n_ManagmentPerfilPage[\"default\"].sendTextPlataforma();\n_ManagmentPerfilPage[\"default\"].sendTextOS();\n_ManagmentPerfilPage[\"default\"].sendTextVersionOS();\n_ManagmentPerfilPage[\"default\"].clickBttSavePerfil();",
                      "err": {},
                      "uuid": "e907cf43-6d43-4339-96de-b9c1fd0a791d",
                      "parentUUID": "bcd238e6-64b8-46c3-beec-610908ab7d6c",
                      "isHook": false,
                      "skipped": false
                    },
                    {
                      "title": "Validar Obrigatoriedade do Campo Plataforma",
                      "fullTitle": "Testes MantisBugTracker Gerenciar Perfil Validar Obrigatoriedade do Campo Plataforma",
                      "timedOut": null,
                      "duration": 2204,
                      "state": "passed",
                      "speed": "slow",
                      "pass": true,
                      "fail": false,
                      "pending": false,
                      "context": null,
                      "code": "_ManagmentPerfilPage[\"default\"].clickConfigBtt();\n_ManagmentPerfilPage[\"default\"].clickGerenciaPerfil();\n_ManagmentPerfilPage[\"default\"].sendTextOS();\n_ManagmentPerfilPage[\"default\"].sendTextVersionOS();\n_ManagmentPerfilPage[\"default\"].alertFildPlataforma();",
                      "err": {},
                      "uuid": "ab91c940-0ea9-469e-808a-304b5fe61918",
                      "parentUUID": "bcd238e6-64b8-46c3-beec-610908ab7d6c",
                      "isHook": false,
                      "skipped": false
                    },
                    {
                      "title": "Validar Obrigatoriedade do Campo Campo SO",
                      "fullTitle": "Testes MantisBugTracker Gerenciar Perfil Validar Obrigatoriedade do Campo Campo SO",
                      "timedOut": null,
                      "duration": 2141,
                      "state": "passed",
                      "speed": "slow",
                      "pass": true,
                      "fail": false,
                      "pending": false,
                      "context": null,
                      "code": "_ManagmentPerfilPage[\"default\"].clickConfigBtt();\n_ManagmentPerfilPage[\"default\"].clickGerenciaPerfil();\n_ManagmentPerfilPage[\"default\"].sendTextPlataforma();\n_ManagmentPerfilPage[\"default\"].sendTextVersionOS();\n_ManagmentPerfilPage[\"default\"].alertFildOS();",
                      "err": {},
                      "uuid": "28d52617-1f1f-4378-9edd-11d6b0952543",
                      "parentUUID": "bcd238e6-64b8-46c3-beec-610908ab7d6c",
                      "isHook": false,
                      "skipped": false
                    },
                    {
                      "title": "Validar Obrigatoriedade do Campo VersaoSO",
                      "fullTitle": "Testes MantisBugTracker Gerenciar Perfil Validar Obrigatoriedade do Campo VersaoSO",
                      "timedOut": null,
                      "duration": 2569,
                      "state": "passed",
                      "speed": "slow",
                      "pass": true,
                      "fail": false,
                      "pending": false,
                      "context": null,
                      "code": "_ManagmentPerfilPage[\"default\"].clickConfigBtt();\n_ManagmentPerfilPage[\"default\"].clickGerenciaPerfil();\n_ManagmentPerfilPage[\"default\"].sendTextPlataforma();\n_ManagmentPerfilPage[\"default\"].sendTextOS();\n_ManagmentPerfilPage[\"default\"].alertFilVersionOS();",
                      "err": {},
                      "uuid": "b5bbef1e-bc79-4bef-a78c-91ef80415735",
                      "parentUUID": "bcd238e6-64b8-46c3-beec-610908ab7d6c",
                      "isHook": false,
                      "skipped": false
                    }
                  ],
                  "suites": [],
                  "passes": [
                    "e907cf43-6d43-4339-96de-b9c1fd0a791d",
                    "ab91c940-0ea9-469e-808a-304b5fe61918",
                    "28d52617-1f1f-4378-9edd-11d6b0952543",
                    "b5bbef1e-bc79-4bef-a78c-91ef80415735"
                  ],
                  "failures": [],
                  "pending": [],
                  "skipped": [],
                  "duration": 9496,
                  "root": false,
                  "rootEmpty": false,
                  "_timeout": 2000
                }
              ],
              "passes": [],
              "failures": [],
              "pending": [],
              "skipped": [],
              "duration": 0,
              "root": false,
              "rootEmpty": false,
              "_timeout": 2000
            },
            {
              "uuid": "d148f400-564a-4c96-84d6-6373669ababa",
              "title": "Tasks",
              "fullFile": "",
              "file": "",
              "beforeHooks": [],
              "afterHooks": [],
              "tests": [
                {
                  "title": "Create tasks only required fields",
                  "fullTitle": "Testes MantisBugTracker Tasks Create tasks only required fields",
                  "timedOut": null,
                  "duration": 4558,
                  "state": "passed",
                  "speed": "slow",
                  "pass": true,
                  "fail": false,
                  "pending": false,
                  "context": null,
                  "code": "_TaskPage[\"default\"].clickNewtask();\n_TaskPage[\"default\"].selectCategory();\n_TaskPage[\"default\"].sendTextResume();\n_TaskPage[\"default\"].sendTextDescribe();\n_TaskPage[\"default\"].clickSaveNewTask(); //Validacao (Assert)\n\n_TaskPage[\"default\"].confirmTaskCreate();\n_TaskPage[\"default\"].navigate_home();",
                  "err": {},
                  "uuid": "1552534e-823f-487d-a1c7-83ba322a5de4",
                  "parentUUID": "d148f400-564a-4c96-84d6-6373669ababa",
                  "isHook": false,
                  "skipped": false
                },
                {
                  "title": "Adicionando sistema operacional nas tarfas",
                  "fullTitle": "Testes MantisBugTracker Tasks Adicionando sistema operacional nas tarfas",
                  "timedOut": null,
                  "duration": 5971,
                  "state": "passed",
                  "speed": "slow",
                  "pass": true,
                  "fail": false,
                  "pending": false,
                  "context": null,
                  "code": "_TaskPage[\"default\"].clickNewtask();\n_TaskPage[\"default\"].selectCategory();\n_TaskPage[\"default\"].sendTextResume();\n_TaskPage[\"default\"].sendTextDescribe();\n_TaskPage[\"default\"].clickSaveNewTask();\n_TaskPage[\"default\"].confirmTaskCreate();\n_TaskPage[\"default\"].viewtaskcreated();\n_TaskPage[\"default\"].clickEditTask();\n_TaskPage[\"default\"].insertOsTask();\n_TaskPage[\"default\"].clickUpdateTask(); //Validacao (Assert)\n\n_TaskPage[\"default\"].checkOperationalSystemTask();",
                  "err": {},
                  "uuid": "21d542ca-9ff7-49e6-b6fd-0b26616f1a3f",
                  "parentUUID": "d148f400-564a-4c96-84d6-6373669ababa",
                  "isHook": false,
                  "skipped": false
                },
                {
                  "title": "Criando Tarefa Com Anexo",
                  "fullTitle": "Testes MantisBugTracker Tasks Criando Tarefa Com Anexo",
                  "timedOut": null,
                  "duration": 6367,
                  "state": "passed",
                  "speed": "slow",
                  "pass": true,
                  "fail": false,
                  "pending": false,
                  "context": null,
                  "code": "_TaskPage[\"default\"].clickNewtask();\n_TaskPage[\"default\"].selectCategory();\n_TaskPage[\"default\"].sendTextResume();\n_TaskPage[\"default\"].sendTextDescribe();\n_TaskPage[\"default\"].uploadFile();\n_TaskPage[\"default\"].clickSaveNewTask(); // Validacao(Assert)\n\n_TaskPage[\"default\"].confirmTaskCreate();\n_TaskPage[\"default\"].confirmNameAnexo();",
                  "err": {},
                  "uuid": "5fc3fc24-6abc-4a07-a36a-86f42fb95b97",
                  "parentUUID": "d148f400-564a-4c96-84d6-6373669ababa",
                  "isHook": false,
                  "skipped": false
                },
                {
                  "title": "Criando Tarefa com Anexo maior que o permitido",
                  "fullTitle": "Testes MantisBugTracker Tasks Criando Tarefa com Anexo maior que o permitido",
                  "timedOut": null,
                  "duration": 0,
                  "state": "pending",
                  "speed": null,
                  "pass": false,
                  "fail": false,
                  "pending": true,
                  "context": null,
                  "code": "",
                  "err": {},
                  "uuid": "f1ccf00b-8c76-43d9-b9ca-617152f70afd",
                  "parentUUID": "d148f400-564a-4c96-84d6-6373669ababa",
                  "isHook": false,
                  "skipped": false
                },
                {
                  "title": "Duplicando Tarefa",
                  "fullTitle": "Testes MantisBugTracker Tasks Duplicando Tarefa",
                  "timedOut": null,
                  "duration": 5001,
                  "state": "passed",
                  "speed": "slow",
                  "pass": true,
                  "fail": false,
                  "pending": false,
                  "context": null,
                  "code": "_TaskPage[\"default\"].clickNewtask();\n_TaskPage[\"default\"].selectCategory();\n_TaskPage[\"default\"].sendTextResume();\n_TaskPage[\"default\"].sendTextDescribe();\n_TaskPage[\"default\"].clickSaveNewTask();\n_TaskPage[\"default\"].confirmTaskCreate();\n_TaskPage[\"default\"].viewtaskcreated();\n_TaskPage[\"default\"].clickEditTask();\n_TaskPage[\"default\"].clickUpdateTaskinsert();\n_TaskPage[\"default\"].clickbuttonCloneTask(); // Validacao(Assert)\n\n_TaskPage[\"default\"].assertRelatorionTask();\n_TaskPage[\"default\"].clickSaveNewTask();\n_TaskPage[\"default\"].confirmTaskCreate();",
                  "err": {},
                  "uuid": "c30decac-b98a-40aa-a958-bef8180281f4",
                  "parentUUID": "d148f400-564a-4c96-84d6-6373669ababa",
                  "isHook": false,
                  "skipped": false
                },
                {
                  "title": "Validando obrigatoriedade do campo Resumo ",
                  "fullTitle": "Testes MantisBugTracker Tasks Validando obrigatoriedade do campo Resumo ",
                  "timedOut": null,
                  "duration": 1808,
                  "state": "passed",
                  "speed": "slow",
                  "pass": true,
                  "fail": false,
                  "pending": false,
                  "context": null,
                  "code": "_TaskPage[\"default\"].clickNewtask();\n_TaskPage[\"default\"].alertResumeTask();",
                  "err": {},
                  "uuid": "507712f5-7700-4a1d-9b31-c9cb7291ba3b",
                  "parentUUID": "d148f400-564a-4c96-84d6-6373669ababa",
                  "isHook": false,
                  "skipped": false
                },
                {
                  "title": "Validando obrigatoriedade do campo Descrição ",
                  "fullTitle": "Testes MantisBugTracker Tasks Validando obrigatoriedade do campo Descrição ",
                  "timedOut": null,
                  "duration": 1900,
                  "state": "passed",
                  "speed": "slow",
                  "pass": true,
                  "fail": false,
                  "pending": false,
                  "context": null,
                  "code": "_TaskPage[\"default\"].clickNewtask();\n_TaskPage[\"default\"].alertResumeTask();",
                  "err": {},
                  "uuid": "73468c52-c294-4646-9c20-d62b59a7b984",
                  "parentUUID": "d148f400-564a-4c96-84d6-6373669ababa",
                  "isHook": false,
                  "skipped": false
                },
                {
                  "title": "Validando obrigatoriedade do campo Categoria ",
                  "fullTitle": "Testes MantisBugTracker Tasks Validando obrigatoriedade do campo Categoria ",
                  "timedOut": null,
                  "duration": 3539,
                  "state": "passed",
                  "speed": "slow",
                  "pass": true,
                  "fail": false,
                  "pending": false,
                  "context": null,
                  "code": "_TaskPage[\"default\"].clickNewtask();\n_TaskPage[\"default\"].sendTextResume();\n_TaskPage[\"default\"].sendTextDescribe();\n_TaskPage[\"default\"].clickSaveNewTask();\n_TaskPage[\"default\"].alertCreateTask();",
                  "err": {},
                  "uuid": "3da317c7-4cef-4791-a4bd-d16aecf18a67",
                  "parentUUID": "d148f400-564a-4c96-84d6-6373669ababa",
                  "isHook": false,
                  "skipped": false
                },
                {
                  "title": "Informar Usuario invalido na terefa",
                  "fullTitle": "Testes MantisBugTracker Tasks Informar Usuario invalido na terefa",
                  "timedOut": null,
                  "duration": 8030,
                  "state": "failed",
                  "speed": null,
                  "pass": false,
                  "fail": true,
                  "pending": false,
                  "context": null,
                  "code": "_TaskPage[\"default\"].clickNewtask();\n_TaskPage[\"default\"].selectCategory();\n_TaskPage[\"default\"].sendTextResume();\n_TaskPage[\"default\"].sendTextDescribe();\n_TaskPage[\"default\"].clickSaveNewTask();\n_TaskPage[\"default\"].viewtaskcreated();\n_TaskPage[\"default\"].clickNumberTaskCreated();\n_TaskPage[\"default\"].sendUsernameFalseTask();\n_TaskPage[\"default\"].clickBttAddUserFalse();\n_TaskPage[\"default\"].assertAlertUserinTask();",
                  "err": {
                    "message": "AssertionError: Timed out retrying after 4000ms: Expected to find element: `:nth-child(2) > :nth-child(1) > .column-id > :nth-child(1)`, but never found it.",
                    "estack": "AssertionError: Timed out retrying after 4000ms: Expected to find element: `:nth-child(2) > :nth-child(1) > .column-id > :nth-child(1)`, but never found it.\n    at TaskPage.clickNumberTaskCreated (http://localhost:8989/__cypress/tests?p=cypress\\integration\\tests\\desafiobase.spec.js:1825:10)\n    at Context.eval (http://localhost:8989/__cypress/tests?p=cypress\\integration\\tests\\desafiobase.spec.js:752:28)",
                    "diff": null
                  },
                  "uuid": "60da1f67-6fe2-4b8b-94ce-8bc95bd25893",
                  "parentUUID": "d148f400-564a-4c96-84d6-6373669ababa",
                  "isHook": false,
                  "skipped": false
                },
                {
                  "title": "Select Profile Create Task",
                  "fullTitle": "Testes MantisBugTracker Tasks Select Profile Create Task",
                  "timedOut": null,
                  "duration": 4724,
                  "state": "passed",
                  "speed": "slow",
                  "pass": true,
                  "fail": false,
                  "pending": false,
                  "context": null,
                  "code": "_TaskPage[\"default\"].clickNewtask();\n_TaskPage[\"default\"].selectCategory();\n_TaskPage[\"default\"].sendTextResume();\n_TaskPage[\"default\"].sendTextDescribe();\n_TaskPage[\"default\"].selectProfile();\n_TaskPage[\"default\"].clickSaveNewTask(); //Validacao (Assert)\n\n_TaskPage[\"default\"].confirmTaskCreate();\n_TaskPage[\"default\"].navigate_home();",
                  "err": {},
                  "uuid": "61a06901-39e3-4535-903a-0e436c9cf721",
                  "parentUUID": "d148f400-564a-4c96-84d6-6373669ababa",
                  "isHook": false,
                  "skipped": false
                },
                {
                  "title": "Criando Tarefa preenchendo Perfil ( Plataforma )",
                  "fullTitle": "Testes MantisBugTracker Tasks Criando Tarefa preenchendo Perfil ( Plataforma )",
                  "timedOut": null,
                  "duration": 4586,
                  "state": "passed",
                  "speed": "slow",
                  "pass": true,
                  "fail": false,
                  "pending": false,
                  "context": null,
                  "code": "_TaskPage[\"default\"].clickNewtask();\n_TaskPage[\"default\"].selectCategory();\n_TaskPage[\"default\"].sendTextResume();\n_TaskPage[\"default\"].sendTextDescribe();\n_TaskPage[\"default\"].insertPlataformTask();\n_TaskPage[\"default\"].clickSaveNewTask(); // Validacao(Assert)\n\n_TaskPage[\"default\"].confirmTaskCreate();",
                  "err": {},
                  "uuid": "03b9318c-b826-411b-935d-010be80e8984",
                  "parentUUID": "d148f400-564a-4c96-84d6-6373669ababa",
                  "isHook": false,
                  "skipped": false
                },
                {
                  "title": "Criando Tarefa preenchendo Perfil ( OS )",
                  "fullTitle": "Testes MantisBugTracker Tasks Criando Tarefa preenchendo Perfil ( OS )",
                  "timedOut": null,
                  "duration": 4195,
                  "state": "passed",
                  "speed": "slow",
                  "pass": true,
                  "fail": false,
                  "pending": false,
                  "context": null,
                  "code": "_TaskPage[\"default\"].clickNewtask();\n_TaskPage[\"default\"].selectCategory();\n_TaskPage[\"default\"].sendTextResume();\n_TaskPage[\"default\"].sendTextDescribe();\n_TaskPage[\"default\"].insertOsTask();\n_TaskPage[\"default\"].clickSaveNewTask(); // Validacao(Assert)\n\n_TaskPage[\"default\"].confirmTaskCreate();",
                  "err": {},
                  "uuid": "036190f4-fc05-4dc3-95b8-df1952db4d74",
                  "parentUUID": "d148f400-564a-4c96-84d6-6373669ababa",
                  "isHook": false,
                  "skipped": false
                },
                {
                  "title": "Criando Tarefa preenchendo Perfil ( VERSAO OS )",
                  "fullTitle": "Testes MantisBugTracker Tasks Criando Tarefa preenchendo Perfil ( VERSAO OS )",
                  "timedOut": null,
                  "duration": 4583,
                  "state": "passed",
                  "speed": "slow",
                  "pass": true,
                  "fail": false,
                  "pending": false,
                  "context": null,
                  "code": "_TaskPage[\"default\"].clickNewtask();\n_TaskPage[\"default\"].selectCategory();\n_TaskPage[\"default\"].sendTextResume();\n_TaskPage[\"default\"].sendTextDescribe();\n_TaskPage[\"default\"].insertVersionOStask();\n_TaskPage[\"default\"].clickSaveNewTask(); // Validacao(Assert)\n\n_TaskPage[\"default\"].confirmTaskCreate();",
                  "err": {},
                  "uuid": "6398b6e8-0f64-45e3-b073-792638ef170f",
                  "parentUUID": "d148f400-564a-4c96-84d6-6373669ababa",
                  "isHook": false,
                  "skipped": false
                }
              ],
              "suites": [
                {
                  "uuid": "37622489-4800-4a21-8267-57001009672c",
                  "title": "Category",
                  "fullFile": "",
                  "file": "",
                  "beforeHooks": [],
                  "afterHooks": [],
                  "tests": [
                    {
                      "title": "Create Task Category Backend",
                      "fullTitle": "Testes MantisBugTracker Tasks Category Create Task Category Backend",
                      "timedOut": null,
                      "duration": 3904,
                      "state": "passed",
                      "speed": "slow",
                      "pass": true,
                      "fail": false,
                      "pending": false,
                      "context": null,
                      "code": "_TaskPage[\"default\"].clickNewtask();\n_TaskPage[\"default\"].selectCategoryBackEnd();\n_TaskPage[\"default\"].sendTextResume();\n_TaskPage[\"default\"].sendTextDescribe();\n_TaskPage[\"default\"].clickSaveNewTask(); //Validacao (Assert)\n\n_TaskPage[\"default\"].confirmTaskCreate();\n_TaskPage[\"default\"].navigate_home();",
                      "err": {},
                      "uuid": "f68fb291-ff61-4eb8-8ac7-222356ce904d",
                      "parentUUID": "37622489-4800-4a21-8267-57001009672c",
                      "isHook": false,
                      "skipped": false
                    },
                    {
                      "title": "Create Task Category Design",
                      "fullTitle": "Testes MantisBugTracker Tasks Category Create Task Category Design",
                      "timedOut": null,
                      "duration": 3909,
                      "state": "passed",
                      "speed": "slow",
                      "pass": true,
                      "fail": false,
                      "pending": false,
                      "context": null,
                      "code": "_TaskPage[\"default\"].clickNewtask();\n_TaskPage[\"default\"].selectCategoryDesign();\n_TaskPage[\"default\"].sendTextResume();\n_TaskPage[\"default\"].sendTextDescribe();\n_TaskPage[\"default\"].clickSaveNewTask(); //Validacao (Assert)\n\n_TaskPage[\"default\"].confirmTaskCreate();\n_TaskPage[\"default\"].navigate_home();",
                      "err": {},
                      "uuid": "cee9740e-4a58-4866-80a3-24cbb50d2e04",
                      "parentUUID": "37622489-4800-4a21-8267-57001009672c",
                      "isHook": false,
                      "skipped": false
                    },
                    {
                      "title": "Create Task Category Frontend",
                      "fullTitle": "Testes MantisBugTracker Tasks Category Create Task Category Frontend",
                      "timedOut": null,
                      "duration": 3783,
                      "state": "passed",
                      "speed": "slow",
                      "pass": true,
                      "fail": false,
                      "pending": false,
                      "context": null,
                      "code": "_TaskPage[\"default\"].clickNewtask();\n_TaskPage[\"default\"].selectCategoryFrontEnd();\n_TaskPage[\"default\"].sendTextResume();\n_TaskPage[\"default\"].sendTextDescribe();\n_TaskPage[\"default\"].clickSaveNewTask(); //Validacao (Assert)\n\n_TaskPage[\"default\"].confirmTaskCreate();\n_TaskPage[\"default\"].navigate_home();",
                      "err": {},
                      "uuid": "50884e08-1a70-4e7e-b693-1d36e049c10a",
                      "parentUUID": "37622489-4800-4a21-8267-57001009672c",
                      "isHook": false,
                      "skipped": false
                    },
                    {
                      "title": "Create Task Category Test",
                      "fullTitle": "Testes MantisBugTracker Tasks Category Create Task Category Test",
                      "timedOut": null,
                      "duration": 3933,
                      "state": "passed",
                      "speed": "slow",
                      "pass": true,
                      "fail": false,
                      "pending": false,
                      "context": null,
                      "code": "_TaskPage[\"default\"].clickNewtask();\n_TaskPage[\"default\"].selectCategoryTest();\n_TaskPage[\"default\"].sendTextResume();\n_TaskPage[\"default\"].sendTextDescribe();\n_TaskPage[\"default\"].clickSaveNewTask(); //Validacao (Assert)\n\n_TaskPage[\"default\"].confirmTaskCreate();\n_TaskPage[\"default\"].navigate_home();",
                      "err": {},
                      "uuid": "f74a2b30-f693-4592-9e13-b47ab00b90ca",
                      "parentUUID": "37622489-4800-4a21-8267-57001009672c",
                      "isHook": false,
                      "skipped": false
                    }
                  ],
                  "suites": [],
                  "passes": [
                    "f68fb291-ff61-4eb8-8ac7-222356ce904d",
                    "cee9740e-4a58-4866-80a3-24cbb50d2e04",
                    "50884e08-1a70-4e7e-b693-1d36e049c10a",
                    "f74a2b30-f693-4592-9e13-b47ab00b90ca"
                  ],
                  "failures": [],
                  "pending": [],
                  "skipped": [],
                  "duration": 15529,
                  "root": false,
                  "rootEmpty": false,
                  "_timeout": 2000
                },
                {
                  "uuid": "0d738c17-e225-4d85-b4e6-fd7bcf0a2ac5",
                  "title": "Frequencia",
                  "fullFile": "",
                  "file": "",
                  "beforeHooks": [],
                  "afterHooks": [],
                  "tests": [
                    {
                      "title": "Criando Tarefa com frequencia \"SEMPRE",
                      "fullTitle": "Testes MantisBugTracker Tasks Frequencia Criando Tarefa com frequencia \"SEMPRE",
                      "timedOut": null,
                      "duration": 4220,
                      "state": "passed",
                      "speed": "slow",
                      "pass": true,
                      "fail": false,
                      "pending": false,
                      "context": null,
                      "code": "_TaskPage[\"default\"].clickNewtask();\n_TaskPage[\"default\"].selectCategory();\n_TaskPage[\"default\"].sendTextResume();\n_TaskPage[\"default\"].sendTextDescribe();\n_TaskPage[\"default\"].selectFrequencySempre();\n_TaskPage[\"default\"].clickSaveNewTask(); // Validacao(Assert)\n\n_TaskPage[\"default\"].confirmTaskCreate();",
                      "err": {},
                      "uuid": "99946250-ea3f-49e2-a45a-61ee37cfd449",
                      "parentUUID": "0d738c17-e225-4d85-b4e6-fd7bcf0a2ac5",
                      "isHook": false,
                      "skipped": false
                    },
                    {
                      "title": "Criando Tarefa com frequencia \"AS VEZES",
                      "fullTitle": "Testes MantisBugTracker Tasks Frequencia Criando Tarefa com frequencia \"AS VEZES",
                      "timedOut": null,
                      "duration": 4145,
                      "state": "passed",
                      "speed": "slow",
                      "pass": true,
                      "fail": false,
                      "pending": false,
                      "context": null,
                      "code": "_TaskPage[\"default\"].clickNewtask();\n_TaskPage[\"default\"].selectCategory();\n_TaskPage[\"default\"].sendTextResume();\n_TaskPage[\"default\"].sendTextDescribe();\n_TaskPage[\"default\"].selectFrequencyAsvezes();\n_TaskPage[\"default\"].clickSaveNewTask(); // Validacao(Assert)\n\n_TaskPage[\"default\"].confirmTaskCreate();",
                      "err": {},
                      "uuid": "115bd2c0-0b7f-4b86-a462-d1c937558f07",
                      "parentUUID": "0d738c17-e225-4d85-b4e6-fd7bcf0a2ac5",
                      "isHook": false,
                      "skipped": false
                    },
                    {
                      "title": "Criando Tarefa com frequencia \"Aleatorio",
                      "fullTitle": "Testes MantisBugTracker Tasks Frequencia Criando Tarefa com frequencia \"Aleatorio",
                      "timedOut": null,
                      "duration": 4203,
                      "state": "passed",
                      "speed": "slow",
                      "pass": true,
                      "fail": false,
                      "pending": false,
                      "context": null,
                      "code": "_TaskPage[\"default\"].clickNewtask();\n_TaskPage[\"default\"].selectCategory();\n_TaskPage[\"default\"].sendTextResume();\n_TaskPage[\"default\"].sendTextDescribe();\n_TaskPage[\"default\"].selectFrequencyAleatorio();\n_TaskPage[\"default\"].clickSaveNewTask(); // Validacao(Assert)\n\n_TaskPage[\"default\"].confirmTaskCreate();",
                      "err": {},
                      "uuid": "f193b1a5-2248-469b-98ba-4fb7a8b2fc2d",
                      "parentUUID": "0d738c17-e225-4d85-b4e6-fd7bcf0a2ac5",
                      "isHook": false,
                      "skipped": false
                    },
                    {
                      "title": "Criando Tarefa com frequencia \"Nao Se Atentou",
                      "fullTitle": "Testes MantisBugTracker Tasks Frequencia Criando Tarefa com frequencia \"Nao Se Atentou",
                      "timedOut": null,
                      "duration": 4601,
                      "state": "passed",
                      "speed": "slow",
                      "pass": true,
                      "fail": false,
                      "pending": false,
                      "context": null,
                      "code": "_TaskPage[\"default\"].clickNewtask();\n_TaskPage[\"default\"].selectCategory();\n_TaskPage[\"default\"].sendTextResume();\n_TaskPage[\"default\"].sendTextDescribe();\n_TaskPage[\"default\"].selectFrequencyNaoSeAtentou();\n_TaskPage[\"default\"].clickSaveNewTask(); // Validacao(Assert)\n\n_TaskPage[\"default\"].confirmTaskCreate();",
                      "err": {},
                      "uuid": "67856e7b-98f4-40eb-9f2b-53380273997d",
                      "parentUUID": "0d738c17-e225-4d85-b4e6-fd7bcf0a2ac5",
                      "isHook": false,
                      "skipped": false
                    },
                    {
                      "title": "Criando Tarefa com frequencia \"Incapaz de Produzir",
                      "fullTitle": "Testes MantisBugTracker Tasks Frequencia Criando Tarefa com frequencia \"Incapaz de Produzir",
                      "timedOut": null,
                      "duration": 4580,
                      "state": "passed",
                      "speed": "slow",
                      "pass": true,
                      "fail": false,
                      "pending": false,
                      "context": null,
                      "code": "_TaskPage[\"default\"].clickNewtask();\n_TaskPage[\"default\"].selectCategory();\n_TaskPage[\"default\"].sendTextResume();\n_TaskPage[\"default\"].sendTextDescribe();\n_TaskPage[\"default\"].selectFrequencyIncapaz();\n_TaskPage[\"default\"].clickSaveNewTask(); // Validacao(Assert)\n\n_TaskPage[\"default\"].confirmTaskCreate();",
                      "err": {},
                      "uuid": "0d655a45-f486-4b09-b3a7-bf6a10441002",
                      "parentUUID": "0d738c17-e225-4d85-b4e6-fd7bcf0a2ac5",
                      "isHook": false,
                      "skipped": false
                    },
                    {
                      "title": "Criando Tarefa com frequencia \"N/D",
                      "fullTitle": "Testes MantisBugTracker Tasks Frequencia Criando Tarefa com frequencia \"N/D",
                      "timedOut": null,
                      "duration": 4274,
                      "state": "passed",
                      "speed": "slow",
                      "pass": true,
                      "fail": false,
                      "pending": false,
                      "context": null,
                      "code": "_TaskPage[\"default\"].clickNewtask();\n_TaskPage[\"default\"].selectCategory();\n_TaskPage[\"default\"].sendTextResume();\n_TaskPage[\"default\"].sendTextDescribe();\n_TaskPage[\"default\"].selectFrequencyND();\n_TaskPage[\"default\"].clickSaveNewTask(); // Validacao(Assert)\n\n_TaskPage[\"default\"].confirmTaskCreate();",
                      "err": {},
                      "uuid": "cbff88de-da2b-4631-aecb-4d110b92b14a",
                      "parentUUID": "0d738c17-e225-4d85-b4e6-fd7bcf0a2ac5",
                      "isHook": false,
                      "skipped": false
                    }
                  ],
                  "suites": [],
                  "passes": [
                    "99946250-ea3f-49e2-a45a-61ee37cfd449",
                    "115bd2c0-0b7f-4b86-a462-d1c937558f07",
                    "f193b1a5-2248-469b-98ba-4fb7a8b2fc2d",
                    "67856e7b-98f4-40eb-9f2b-53380273997d",
                    "0d655a45-f486-4b09-b3a7-bf6a10441002",
                    "cbff88de-da2b-4631-aecb-4d110b92b14a"
                  ],
                  "failures": [],
                  "pending": [],
                  "skipped": [],
                  "duration": 26023,
                  "root": false,
                  "rootEmpty": false,
                  "_timeout": 2000
                }
              ],
              "passes": [
                "1552534e-823f-487d-a1c7-83ba322a5de4",
                "21d542ca-9ff7-49e6-b6fd-0b26616f1a3f",
                "5fc3fc24-6abc-4a07-a36a-86f42fb95b97",
                "c30decac-b98a-40aa-a958-bef8180281f4",
                "507712f5-7700-4a1d-9b31-c9cb7291ba3b",
                "73468c52-c294-4646-9c20-d62b59a7b984",
                "3da317c7-4cef-4791-a4bd-d16aecf18a67",
                "61a06901-39e3-4535-903a-0e436c9cf721",
                "03b9318c-b826-411b-935d-010be80e8984",
                "036190f4-fc05-4dc3-95b8-df1952db4d74",
                "6398b6e8-0f64-45e3-b073-792638ef170f"
              ],
              "failures": [
                "60da1f67-6fe2-4b8b-94ce-8bc95bd25893"
              ],
              "pending": [
                "f1ccf00b-8c76-43d9-b9ca-617152f70afd"
              ],
              "skipped": [],
              "duration": 55262,
              "root": false,
              "rootEmpty": false,
              "_timeout": 2000
            }
          ],
          "passes": [],
          "failures": [],
          "pending": [],
          "skipped": [],
          "duration": 0,
          "root": false,
          "rootEmpty": false,
          "_timeout": 2000
        }
      ],
      "passes": [],
      "failures": [],
      "pending": [],
      "skipped": [],
      "duration": 0,
      "root": true,
      "rootEmpty": true,
      "_timeout": 2000
    }
  ],
  "meta": {
    "mocha": {
      "version": "7.0.1"
    },
    "mochawesome": {
      "options": {
        "quiet": false,
        "reportFilename": "mochawesome",
        "saveHtml": true,
        "saveJson": true,
        "consoleReporter": "spec",
        "useInlineDiffs": false,
        "code": true
      },
      "version": "6.2.1"
    },
    "marge": {
      "options": {
        "id": "default",
        "reportDir": "cypress/reports/mocha",
        "quite": true,
        "overwrite": false,
        "html": true,
        "json": true,
        "reporter": "mocha-junit-reporter",
        "reporterOptions": {
          "mochaFile": "cypress / reports / junit / test-results. [hash] .xml",
          "testsuitesTitle": false
        }
      },
      "version": "5.1.0"
    }
  }
}